{"/home/travis/build/npmtest/node-npmtest-id3js/test.js":{"path":"/home/travis/build/npmtest/node-npmtest-id3js/test.js","s":{"1":2,"2":2,"3":2,"4":2,"5":2,"6":2,"7":2,"8":1,"9":2,"10":2,"11":1,"12":1,"13":1,"14":1,"15":2,"16":2,"17":2,"18":2,"19":1,"20":1,"21":2,"22":2,"23":2,"24":1,"25":1,"26":1,"27":1,"28":1,"29":1,"30":1,"31":1,"32":1,"33":1,"34":1,"35":1,"36":1,"37":1,"38":1,"39":2,"40":2,"41":1,"42":2,"43":2,"44":1,"45":2,"46":2,"47":1,"48":2,"49":2,"50":1,"51":1,"52":1,"53":1,"54":1},"b":{"1":[2,1,1,1],"2":[1,1,1,1],"3":[1,1],"4":[1,1],"5":[1,1],"6":[1,1],"7":[1,1],"8":[1,1],"9":[1,1],"10":[1,1,1],"11":[1,1],"12":[1,1],"13":[1,1],"14":[1,1],"15":[1,1],"16":[1,1],"17":[1,1]},"f":{"1":2,"2":2,"3":2,"4":2,"5":2,"6":1,"7":1,"8":1,"9":2,"10":2,"11":2,"12":2,"13":1},"fnMap":{"1":{"name":"(anonymous_1)","line":12,"loc":{"start":{"line":12,"column":1},"end":{"line":12,"column":13}}},"2":{"name":"(anonymous_2)","line":19,"loc":{"start":{"line":19,"column":5},"end":{"line":19,"column":17}}},"3":{"name":"(anonymous_3)","line":23,"loc":{"start":{"line":23,"column":24},"end":{"line":23,"column":36}}},"4":{"name":"(anonymous_4)","line":61,"loc":{"start":{"line":61,"column":5},"end":{"line":61,"column":17}}},"5":{"name":"(anonymous_5)","line":82,"loc":{"start":{"line":82,"column":5},"end":{"line":82,"column":17}}},"6":{"name":"(anonymous_6)","line":91,"loc":{"start":{"line":91,"column":77},"end":{"line":94,"column":10}}},"7":{"name":"(anonymous_7)","line":112,"loc":{"start":{"line":112,"column":83},"end":{"line":115,"column":10}},"skip":true},"8":{"name":"(anonymous_8)","line":123,"loc":{"start":{"line":123,"column":77},"end":{"line":126,"column":10}},"skip":true},"9":{"name":"(anonymous_9)","line":139,"loc":{"start":{"line":139,"column":12},"end":{"line":139,"column":40}},"skip":true},"10":{"name":"(anonymous_10)","line":147,"loc":{"start":{"line":147,"column":77},"end":{"line":150,"column":10}},"skip":true},"11":{"name":"(anonymous_11)","line":158,"loc":{"start":{"line":158,"column":83},"end":{"line":161,"column":10}},"skip":true},"12":{"name":"(anonymous_12)","line":169,"loc":{"start":{"line":169,"column":79},"end":{"line":172,"column":10}},"skip":true},"13":{"name":"(anonymous_13)","line":180,"loc":{"start":{"line":180,"column":75},"end":{"line":183,"column":10}},"skip":true}},"statementMap":{"1":{"start":{"line":12,"column":0},"end":{"line":195,"column":5}},"2":{"start":{"line":14,"column":4},"end":{"line":14,"column":14}},"3":{"start":{"line":19,"column":4},"end":{"line":56,"column":9}},"4":{"start":{"line":21,"column":8},"end":{"line":21,"column":19}},"5":{"start":{"line":23,"column":8},"end":{"line":35,"column":13}},"6":{"start":{"line":24,"column":12},"end":{"line":34,"column":13}},"7":{"start":{"line":25,"column":16},"end":{"line":28,"column":30}},"8":{"start":{"line":30,"column":16},"end":{"line":33,"column":27}},"9":{"start":{"line":37,"column":8},"end":{"line":39,"column":21}},"10":{"start":{"line":40,"column":8},"end":{"line":53,"column":9}},"11":{"start":{"line":43,"column":12},"end":{"line":46,"column":14}},"12":{"start":{"line":47,"column":12},"end":{"line":47,"column":18}},"13":{"start":{"line":50,"column":12},"end":{"line":51,"column":33}},"14":{"start":{"line":52,"column":12},"end":{"line":52,"column":18}},"15":{"start":{"line":55,"column":8},"end":{"line":55,"column":35}},"16":{"start":{"line":61,"column":4},"end":{"line":63,"column":9}},"17":{"start":{"line":62,"column":8},"end":{"line":62,"column":15}},"18":{"start":{"line":64,"column":4},"end":{"line":77,"column":5}},"19":{"start":{"line":70,"column":8},"end":{"line":70,"column":14}},"20":{"start":{"line":76,"column":8},"end":{"line":76,"column":14}},"21":{"start":{"line":82,"column":4},"end":{"line":84,"column":9}},"22":{"start":{"line":83,"column":8},"end":{"line":83,"column":15}},"23":{"start":{"line":85,"column":4},"end":{"line":194,"column":5}},"24":{"start":{"line":91,"column":8},"end":{"line":99,"column":10}},"25":{"start":{"line":98,"column":12},"end":{"line":98,"column":35}},"26":{"start":{"line":102,"column":8},"end":{"line":104,"column":63}},"27":{"start":{"line":105,"column":8},"end":{"line":105,"column":14}},"28":{"start":{"line":112,"column":8},"end":{"line":121,"column":10},"skip":true},"29":{"start":{"line":119,"column":12},"end":{"line":119,"column":55},"skip":true},"30":{"start":{"line":120,"column":12},"end":{"line":120,"column":48},"skip":true},"31":{"start":{"line":123,"column":8},"end":{"line":136,"column":10},"skip":true},"32":{"start":{"line":130,"column":12},"end":{"line":130,"column":76},"skip":true},"33":{"start":{"line":131,"column":12},"end":{"line":131,"column":73},"skip":true},"34":{"start":{"line":132,"column":12},"end":{"line":132,"column":74},"skip":true},"35":{"start":{"line":133,"column":12},"end":{"line":133,"column":79},"skip":true},"36":{"start":{"line":134,"column":12},"end":{"line":134,"column":25},"skip":true},"37":{"start":{"line":135,"column":12},"end":{"line":135,"column":45},"skip":true},"38":{"start":{"line":138,"column":8},"end":{"line":145,"column":14},"skip":true},"39":{"start":{"line":143,"column":16},"end":{"line":143,"column":29},"skip":true},"40":{"start":{"line":144,"column":16},"end":{"line":144,"column":55},"skip":true},"41":{"start":{"line":147,"column":8},"end":{"line":156,"column":10},"skip":true},"42":{"start":{"line":154,"column":12},"end":{"line":154,"column":25},"skip":true},"43":{"start":{"line":155,"column":12},"end":{"line":155,"column":45},"skip":true},"44":{"start":{"line":158,"column":8},"end":{"line":167,"column":10},"skip":true},"45":{"start":{"line":165,"column":12},"end":{"line":165,"column":25},"skip":true},"46":{"start":{"line":166,"column":12},"end":{"line":166,"column":48},"skip":true},"47":{"start":{"line":169,"column":8},"end":{"line":178,"column":10},"skip":true},"48":{"start":{"line":176,"column":12},"end":{"line":176,"column":25},"skip":true},"49":{"start":{"line":177,"column":12},"end":{"line":177,"column":46},"skip":true},"50":{"start":{"line":180,"column":8},"end":{"line":189,"column":10},"skip":true},"51":{"start":{"line":187,"column":12},"end":{"line":187,"column":94},"skip":true},"52":{"start":{"line":188,"column":12},"end":{"line":188,"column":48},"skip":true},"53":{"start":{"line":192,"column":8},"end":{"line":192,"column":35},"skip":true},"54":{"start":{"line":193,"column":8},"end":{"line":193,"column":14},"skip":true}},"branchMap":{"1":{"line":25,"type":"binary-expr","locations":[{"start":{"line":25,"column":23},"end":{"line":25,"column":62}},{"start":{"line":26,"column":20},"end":{"line":26,"column":70}},{"start":{"line":27,"column":20},"end":{"line":27,"column":71}},{"start":{"line":28,"column":20},"end":{"line":28,"column":29}}]},"2":{"line":30,"type":"binary-expr","locations":[{"start":{"line":30,"column":23},"end":{"line":30,"column":37}},{"start":{"line":31,"column":20},"end":{"line":31,"column":61}},{"start":{"line":32,"column":20},"end":{"line":32,"column":70}},{"start":{"line":33,"column":20},"end":{"line":33,"column":26}}]},"3":{"line":37,"type":"cond-expr","locations":[{"start":{"line":38,"column":14},"end":{"line":38,"column":20}},{"start":{"line":39,"column":14},"end":{"line":39,"column":20}}]},"4":{"line":40,"type":"switch","locations":[{"start":{"line":42,"column":8},"end":{"line":47,"column":18}},{"start":{"line":49,"column":8},"end":{"line":52,"column":18}}]},"5":{"line":44,"type":"binary-expr","locations":[{"start":{"line":44,"column":16},"end":{"line":44,"column":44}},{"start":{"line":44,"column":48},"end":{"line":44,"column":66}}]},"6":{"line":50,"type":"binary-expr","locations":[{"start":{"line":50,"column":21},"end":{"line":50,"column":49}},{"start":{"line":50,"column":53},"end":{"line":50,"column":72}}]},"7":{"line":64,"type":"switch","locations":[{"start":{"line":69,"column":4},"end":{"line":70,"column":14}},{"start":{"line":75,"column":4},"end":{"line":76,"column":14}}]},"8":{"line":85,"type":"switch","locations":[{"start":{"line":90,"column":4},"end":{"line":105,"column":14}},{"start":{"line":111,"column":4},"end":{"line":193,"column":14},"skip":true}]},"9":{"line":91,"type":"binary-expr","locations":[{"start":{"line":91,"column":42},"end":{"line":91,"column":73}},{"start":{"line":91,"column":77},"end":{"line":99,"column":9}}]},"10":{"line":102,"type":"binary-expr","locations":[{"start":{"line":102,"column":18},"end":{"line":102,"column":32}},{"start":{"line":103,"column":12},"end":{"line":103,"column":53}},{"start":{"line":104,"column":12},"end":{"line":104,"column":61}}]},"11":{"line":112,"type":"binary-expr","locations":[{"start":{"line":112,"column":45},"end":{"line":112,"column":79},"skip":true},{"start":{"line":112,"column":83},"end":{"line":121,"column":9},"skip":true}]},"12":{"line":123,"type":"binary-expr","locations":[{"start":{"line":123,"column":42},"end":{"line":123,"column":73},"skip":true},{"start":{"line":123,"column":77},"end":{"line":136,"column":9},"skip":true}]},"13":{"line":138,"type":"binary-expr","locations":[{"start":{"line":138,"column":48},"end":{"line":138,"column":85},"skip":true},{"start":{"line":139,"column":12},"end":{"line":145,"column":13},"skip":true}]},"14":{"line":147,"type":"binary-expr","locations":[{"start":{"line":147,"column":42},"end":{"line":147,"column":73},"skip":true},{"start":{"line":147,"column":77},"end":{"line":156,"column":9},"skip":true}]},"15":{"line":158,"type":"binary-expr","locations":[{"start":{"line":158,"column":45},"end":{"line":158,"column":79},"skip":true},{"start":{"line":158,"column":83},"end":{"line":167,"column":9},"skip":true}]},"16":{"line":169,"type":"binary-expr","locations":[{"start":{"line":169,"column":43},"end":{"line":169,"column":75},"skip":true},{"start":{"line":169,"column":79},"end":{"line":178,"column":9},"skip":true}]},"17":{"line":180,"type":"binary-expr","locations":[{"start":{"line":180,"column":41},"end":{"line":180,"column":71},"skip":true},{"start":{"line":180,"column":75},"end":{"line":189,"column":9},"skip":true}]}},"code":["/* istanbul instrument in package npmtest_id3js */","/*jslint","    bitwise: true,","    browser: true,","    maxerr: 8,","    maxlen: 96,","    node: true,","    nomen: true,","    regexp: true,","    stupid: true","*/","(function () {","    'use strict';","    var local;","","","","    // run shared js-env code - pre-init","    (function () {","        // init local","        local = {};","        // init modeJs","        local.modeJs = (function () {","            try {","                return typeof navigator.userAgent === 'string' &&","                    typeof document.querySelector('body') === 'object' &&","                    typeof XMLHttpRequest.prototype.open === 'function' &&","                    'browser';","            } catch (errorCaughtBrowser) {","                return module.exports &&","                    typeof process.versions.node === 'string' &&","                    typeof require('http').createServer === 'function' &&","                    'node';","            }","        }());","        // init global","        local.global = local.modeJs === 'browser'","            ? window","            : global;","        switch (local.modeJs) {","        // re-init local from window.local","        case 'browser':","            local = local.global.utility2.objectSetDefault(","                local.global.utility2_rollup || local.global.local,","                local.global.utility2","            );","            break;","        // re-init local from example.js","        case 'node':","            local = (local.global.utility2_rollup || require('utility2'))","                .requireReadme();","            break;","        }","        // export local","        local.global.local = local;","    }());","","","","    // run shared js-env code - function","    (function () {","        return;","    }());","    switch (local.modeJs) {","","","","    // run browser js-env code - function","    case 'browser':","        break;","","","","    // run node js-env code - function","    case 'node':","        break;","    }","","","","    // run shared js-env code - post-init","    (function () {","        return;","    }());","    switch (local.modeJs) {","","","","    // run browser js-env code - post-init","    case 'browser':","        local.testCase_browser_nullCase = local.testCase_browser_nullCase || function (","            options,","            onError","        ) {","        /*","         * this function will test browsers's null-case handling-behavior-behavior","         */","            onError(null, options);","        };","","        // run tests","        local.nop(local.modeTest &&","            document.querySelector('#testRunButton1') &&","            document.querySelector('#testRunButton1').click());","        break;","","","","    // run node js-env code - post-init","    /* istanbul ignore next */","    case 'node':","        local.testCase_buildApidoc_default = local.testCase_buildApidoc_default || function (","            options,","            onError","        ) {","        /*","         * this function will test buildApidoc's default handling-behavior-behavior","         */","            options = { modulePathList: module.paths };","            local.buildApidoc(options, onError);","        };","","        local.testCase_buildApp_default = local.testCase_buildApp_default || function (","            options,","            onError","        ) {","        /*","         * this function will test buildApp's default handling-behavior-behavior","         */","            local.testCase_buildReadme_default(options, local.onErrorThrow);","            local.testCase_buildLib_default(options, local.onErrorThrow);","            local.testCase_buildTest_default(options, local.onErrorThrow);","            local.testCase_buildCustomOrg_default(options, local.onErrorThrow);","            options = [];","            local.buildApp(options, onError);","        };","","        local.testCase_buildCustomOrg_default = local.testCase_buildCustomOrg_default ||","            function (options, onError) {","            /*","             * this function will test buildCustomOrg's default handling-behavior","             */","                options = {};","                local.buildCustomOrg(options, onError);","            };","","        local.testCase_buildLib_default = local.testCase_buildLib_default || function (","            options,","            onError","        ) {","        /*","         * this function will test buildLib's default handling-behavior","         */","            options = {};","            local.buildLib(options, onError);","        };","","        local.testCase_buildReadme_default = local.testCase_buildReadme_default || function (","            options,","            onError","        ) {","        /*","         * this function will test buildReadme's default handling-behavior-behavior","         */","            options = {};","            local.buildReadme(options, onError);","        };","","        local.testCase_buildTest_default = local.testCase_buildTest_default || function (","            options,","            onError","        ) {","        /*","         * this function will test buildTest's default handling-behavior","         */","            options = {};","            local.buildTest(options, onError);","        };","","        local.testCase_webpage_default = local.testCase_webpage_default || function (","            options,","            onError","        ) {","        /*","         * this function will test webpage's default handling-behavior","         */","            options = { modeCoverageMerge: true, url: local.serverLocalHost + '?modeTest=1' };","            local.browserTest(options, onError);","        };","","        // run test-server","        local.testRunServer(local);","        break;","    }","}());",""],"l":{"12":2,"14":2,"19":2,"21":2,"23":2,"24":2,"25":2,"30":1,"37":2,"40":2,"43":1,"47":1,"50":1,"52":1,"55":2,"61":2,"62":2,"64":2,"70":1,"76":1,"82":2,"83":2,"85":2,"91":1,"98":1,"102":1,"105":1,"112":1,"119":1,"120":1,"123":1,"130":1,"131":1,"132":1,"133":1,"134":1,"135":1,"138":1,"143":2,"144":2,"147":1,"154":2,"155":2,"158":1,"165":2,"166":2,"169":1,"176":2,"177":2,"180":1,"187":1,"188":1,"192":1,"193":1}},"/home/travis/build/npmtest/node-npmtest-id3js/lib.npmtest_id3js.js":{"path":"/home/travis/build/npmtest/node-npmtest-id3js/lib.npmtest_id3js.js","s":{"1":2,"2":2,"3":2,"4":2,"5":2,"6":2,"7":2,"8":1,"9":2,"10":2,"11":2,"12":2,"13":1,"14":1,"15":1,"16":1},"b":{"1":[2,1,1,1],"2":[1,1,1,1],"3":[1,1],"4":[2,2],"5":[1,1]},"f":{"1":2,"2":2,"3":2},"fnMap":{"1":{"name":"(anonymous_1)","line":12,"loc":{"start":{"line":12,"column":1},"end":{"line":12,"column":13}}},"2":{"name":"(anonymous_2)","line":19,"loc":{"start":{"line":19,"column":5},"end":{"line":19,"column":17}}},"3":{"name":"(anonymous_3)","line":23,"loc":{"start":{"line":23,"column":24},"end":{"line":23,"column":36}}}},"statementMap":{"1":{"start":{"line":12,"column":0},"end":{"line":53,"column":5}},"2":{"start":{"line":14,"column":4},"end":{"line":14,"column":14}},"3":{"start":{"line":19,"column":4},"end":{"line":52,"column":9}},"4":{"start":{"line":21,"column":8},"end":{"line":21,"column":19}},"5":{"start":{"line":23,"column":8},"end":{"line":35,"column":13}},"6":{"start":{"line":24,"column":12},"end":{"line":34,"column":13}},"7":{"start":{"line":25,"column":16},"end":{"line":28,"column":30}},"8":{"start":{"line":30,"column":16},"end":{"line":33,"column":27}},"9":{"start":{"line":37,"column":8},"end":{"line":39,"column":21}},"10":{"start":{"line":41,"column":8},"end":{"line":41,"column":54}},"11":{"start":{"line":43,"column":8},"end":{"line":43,"column":50}},"12":{"start":{"line":45,"column":8},"end":{"line":51,"column":9}},"13":{"start":{"line":46,"column":12},"end":{"line":46,"column":56}},"14":{"start":{"line":48,"column":12},"end":{"line":48,"column":35}},"15":{"start":{"line":49,"column":12},"end":{"line":49,"column":49}},"16":{"start":{"line":50,"column":12},"end":{"line":50,"column":43}}},"branchMap":{"1":{"line":25,"type":"binary-expr","locations":[{"start":{"line":25,"column":23},"end":{"line":25,"column":62}},{"start":{"line":26,"column":20},"end":{"line":26,"column":70}},{"start":{"line":27,"column":20},"end":{"line":27,"column":71}},{"start":{"line":28,"column":20},"end":{"line":28,"column":29}}]},"2":{"line":30,"type":"binary-expr","locations":[{"start":{"line":30,"column":23},"end":{"line":30,"column":37}},{"start":{"line":31,"column":20},"end":{"line":31,"column":61}},{"start":{"line":32,"column":20},"end":{"line":32,"column":70}},{"start":{"line":33,"column":20},"end":{"line":33,"column":26}}]},"3":{"line":37,"type":"cond-expr","locations":[{"start":{"line":38,"column":14},"end":{"line":38,"column":20}},{"start":{"line":39,"column":14},"end":{"line":39,"column":20}}]},"4":{"line":41,"type":"binary-expr","locations":[{"start":{"line":41,"column":16},"end":{"line":41,"column":44}},{"start":{"line":41,"column":48},"end":{"line":41,"column":53}}]},"5":{"line":45,"type":"if","locations":[{"start":{"line":45,"column":8},"end":{"line":45,"column":8}},{"start":{"line":45,"column":8},"end":{"line":45,"column":8}}]}},"code":["/* istanbul instrument in package npmtest_id3js */","/*jslint","    bitwise: true,","    browser: true,","    maxerr: 8,","    maxlen: 96,","    node: true,","    nomen: true,","    regexp: true,","    stupid: true","*/","(function () {","    'use strict';","    var local;","","","","    // run shared js-env code - pre-init","    (function () {","        // init local","        local = {};","        // init modeJs","        local.modeJs = (function () {","            try {","                return typeof navigator.userAgent === 'string' &&","                    typeof document.querySelector('body') === 'object' &&","                    typeof XMLHttpRequest.prototype.open === 'function' &&","                    'browser';","            } catch (errorCaughtBrowser) {","                return module.exports &&","                    typeof process.versions.node === 'string' &&","                    typeof require('http').createServer === 'function' &&","                    'node';","            }","        }());","        // init global","        local.global = local.modeJs === 'browser'","            ? window","            : global;","        // init utility2_rollup","        local = local.global.utility2_rollup || local;","        // init lib","        local.local = local.npmtest_id3js = local;","        // init exports","        if (local.modeJs === 'browser') {","            local.global.utility2_npmtest_id3js = local;","        } else {","            module.exports = local;","            module.exports.__dirname = __dirname;","            module.exports.module = module;","        }","    }());","}());",""],"l":{"12":2,"14":2,"19":2,"21":2,"23":2,"24":2,"25":2,"30":1,"37":2,"41":2,"43":2,"45":2,"46":1,"48":1,"49":1,"50":1}},"/home/travis/build/npmtest/node-npmtest-id3js/example.js":{"path":"/home/travis/build/npmtest/node-npmtest-id3js/example.js","s":{"1":2,"2":2,"3":2,"4":2,"5":2,"6":2,"7":2,"8":1,"9":2,"10":2,"11":2,"12":2,"13":1,"14":2,"15":2,"16":2,"17":2,"18":2,"19":0,"20":2,"21":1,"22":1,"23":1,"24":1,"25":1,"26":0,"27":0,"28":1,"29":1,"30":2,"31":0,"32":0,"33":0,"34":1,"35":2,"36":2,"37":3,"38":3,"39":3,"40":3,"41":0,"42":3,"43":3,"44":3,"45":1,"46":3,"47":1,"48":1,"49":1,"50":1,"51":1,"52":1,"53":1,"54":1,"55":1,"56":1,"57":0,"58":1,"59":6,"60":6,"61":1,"62":2,"63":0,"64":2,"65":1,"66":1,"67":0,"68":0,"69":0,"70":0,"71":0,"72":0,"73":0,"74":0,"75":0,"76":0,"77":0,"78":0,"79":0,"80":0,"81":0,"82":0,"83":0},"b":{"1":[2,1,1,1],"2":[1,1,1,1],"3":[1,1],"4":[2,2],"5":[1,1],"6":[1,1],"7":[2,0],"8":[2,1,1,1,1,1],"9":[0,2,0],"10":[1,1],"11":[2,1,1],"12":[1,0],"13":[0,2],"14":[2,0,0,0,0,0,0],"15":[0,3],"16":[3,0],"17":[1,1],"18":[0,1],"19":[1,2,0,2],"20":[1,0],"21":[1,1],"22":[0,0],"23":[0,0],"24":[0,0],"25":[0,0],"26":[0,0],"27":[0,0],"28":[0,0]},"f":{"1":2,"2":2,"3":2,"4":2,"5":2,"6":2,"7":3,"8":3,"9":3,"10":1,"11":6,"12":0},"fnMap":{"1":{"name":"(anonymous_1)","line":26,"loc":{"start":{"line":26,"column":1},"end":{"line":26,"column":13}}},"2":{"name":"(anonymous_2)","line":33,"loc":{"start":{"line":33,"column":5},"end":{"line":33,"column":17}}},"3":{"name":"(anonymous_3)","line":37,"loc":{"start":{"line":37,"column":24},"end":{"line":37,"column":36}}},"4":{"name":"(anonymous_4)","line":69,"loc":{"start":{"line":69,"column":31},"end":{"line":69,"column":48}},"skip":true},"5":{"name":"(anonymous_5)","line":78,"loc":{"start":{"line":78,"column":26},"end":{"line":78,"column":45}},"skip":true},"6":{"name":"(anonymous_6)","line":123,"loc":{"start":{"line":123,"column":33},"end":{"line":123,"column":48}},"skip":true},"7":{"name":"(anonymous_7)","line":125,"loc":{"start":{"line":125,"column":27},"end":{"line":125,"column":39}},"skip":true},"8":{"name":"(anonymous_8)","line":133,"loc":{"start":{"line":133,"column":59},"end":{"line":133,"column":74}},"skip":true},"9":{"name":"(anonymous_9)","line":143,"loc":{"start":{"line":143,"column":45},"end":{"line":143,"column":62}},"skip":true},"10":{"name":"(anonymous_10)","line":144,"loc":{"start":{"line":144,"column":73},"end":{"line":144,"column":92}},"skip":true},"11":{"name":"(anonymous_11)","line":272,"loc":{"start":{"line":272,"column":51},"end":{"line":272,"column":77}},"skip":true},"12":{"name":"(anonymous_12)","line":315,"loc":{"start":{"line":315,"column":32},"end":{"line":315,"column":61}},"skip":true}},"statementMap":{"1":{"start":{"line":26,"column":0},"end":{"line":326,"column":5}},"2":{"start":{"line":28,"column":4},"end":{"line":28,"column":14}},"3":{"start":{"line":33,"column":4},"end":{"line":60,"column":9}},"4":{"start":{"line":35,"column":8},"end":{"line":35,"column":19}},"5":{"start":{"line":37,"column":8},"end":{"line":49,"column":13}},"6":{"start":{"line":38,"column":12},"end":{"line":48,"column":13}},"7":{"start":{"line":39,"column":16},"end":{"line":42,"column":30}},"8":{"start":{"line":44,"column":16},"end":{"line":47,"column":27}},"9":{"start":{"line":51,"column":8},"end":{"line":53,"column":21}},"10":{"start":{"line":55,"column":8},"end":{"line":57,"column":45}},"11":{"start":{"line":59,"column":8},"end":{"line":59,"column":35}},"12":{"start":{"line":61,"column":4},"end":{"line":325,"column":5}},"13":{"start":{"line":69,"column":8},"end":{"line":121,"column":10},"skip":true},"14":{"start":{"line":70,"column":12},"end":{"line":88,"column":13},"skip":true},"15":{"start":{"line":76,"column":16},"end":{"line":87,"column":19},"skip":true},"16":{"start":{"line":79,"column":20},"end":{"line":86,"column":21},"skip":true},"17":{"start":{"line":82,"column":24},"end":{"line":82,"column":43},"skip":true},"18":{"start":{"line":83,"column":24},"end":{"line":83,"column":30},"skip":true},"19":{"start":{"line":85,"column":24},"end":{"line":85,"column":49},"skip":true},"20":{"start":{"line":89,"column":12},"end":{"line":107,"column":13},"skip":true},"21":{"start":{"line":92,"column":16},"end":{"line":102,"column":17},"skip":true},"22":{"start":{"line":93,"column":20},"end":{"line":93,"column":86},"skip":true},"23":{"start":{"line":94,"column":20},"end":{"line":95,"column":45},"skip":true},"24":{"start":{"line":96,"column":20},"end":{"line":96,"column":42},"skip":true},"25":{"start":{"line":97,"column":20},"end":{"line":97,"column":48},"skip":true},"26":{"start":{"line":100,"column":20},"end":{"line":100,"column":85},"skip":true},"27":{"start":{"line":101,"column":20},"end":{"line":101,"column":96},"skip":true},"28":{"start":{"line":103,"column":16},"end":{"line":103,"column":22},"skip":true},"29":{"start":{"line":106,"column":16},"end":{"line":106,"column":22},"skip":true},"30":{"start":{"line":108,"column":12},"end":{"line":120,"column":13},"skip":true},"31":{"start":{"line":114,"column":16},"end":{"line":119,"column":17},"skip":true},"32":{"start":{"line":116,"column":20},"end":{"line":116,"column":78},"skip":true},"33":{"start":{"line":118,"column":20},"end":{"line":118,"column":47},"skip":true},"34":{"start":{"line":123,"column":8},"end":{"line":141,"column":11},"skip":true},"35":{"start":{"line":124,"column":12},"end":{"line":124,"column":54},"skip":true},"36":{"start":{"line":125,"column":12},"end":{"line":140,"column":14},"skip":true},"37":{"start":{"line":126,"column":16},"end":{"line":126,"column":28},"skip":true},"38":{"start":{"line":127,"column":16},"end":{"line":127,"column":69},"skip":true},"39":{"start":{"line":128,"column":16},"end":{"line":128,"column":75},"skip":true},"40":{"start":{"line":129,"column":16},"end":{"line":131,"column":17},"skip":true},"41":{"start":{"line":130,"column":20},"end":{"line":130,"column":27},"skip":true},"42":{"start":{"line":133,"column":16},"end":{"line":137,"column":36},"skip":true},"43":{"start":{"line":134,"column":20},"end":{"line":136,"column":55},"skip":true},"44":{"start":{"line":139,"column":16},"end":{"line":139,"column":57},"skip":true},"45":{"start":{"line":143,"column":8},"end":{"line":147,"column":11},"skip":true},"46":{"start":{"line":144,"column":12},"end":{"line":146,"column":15},"skip":true},"47":{"start":{"line":145,"column":16},"end":{"line":145,"column":70},"skip":true},"48":{"start":{"line":149,"column":8},"end":{"line":149,"column":31},"skip":true},"49":{"start":{"line":150,"column":8},"end":{"line":150,"column":14},"skip":true},"50":{"start":{"line":158,"column":8},"end":{"line":158,"column":31},"skip":true},"51":{"start":{"line":160,"column":8},"end":{"line":160,"column":33},"skip":true},"52":{"start":{"line":161,"column":8},"end":{"line":161,"column":37},"skip":true},"53":{"start":{"line":162,"column":8},"end":{"line":162,"column":35},"skip":true},"54":{"start":{"line":164,"column":8},"end":{"line":164,"column":50},"skip":true},"55":{"start":{"line":166,"column":8},"end":{"line":256,"column":2},"skip":true},"56":{"start":{"line":258,"column":8},"end":{"line":286,"column":9},"skip":true},"57":{"start":{"line":259,"column":12},"end":{"line":269,"column":14},"skip":true},"58":{"start":{"line":271,"column":12},"end":{"line":285,"column":19},"skip":true},"59":{"start":{"line":274,"column":20},"end":{"line":274,"column":35},"skip":true},"60":{"start":{"line":275,"column":20},"end":{"line":284,"column":21},"skip":true},"61":{"start":{"line":277,"column":24},"end":{"line":277,"column":64},"skip":true},"62":{"start":{"line":279,"column":24},"end":{"line":279,"column":40},"skip":true},"63":{"start":{"line":281,"column":24},"end":{"line":281,"column":40},"skip":true},"64":{"start":{"line":283,"column":24},"end":{"line":283,"column":39},"skip":true},"65":{"start":{"line":288,"column":8},"end":{"line":290,"column":9},"skip":true},"66":{"start":{"line":289,"column":12},"end":{"line":289,"column":18},"skip":true},"67":{"start":{"line":291,"column":8},"end":{"line":293,"column":54},"skip":true},"68":{"start":{"line":296,"column":8},"end":{"line":301,"column":37},"skip":true},"69":{"start":{"line":303,"column":8},"end":{"line":303,"column":82},"skip":true},"70":{"start":{"line":306,"column":8},"end":{"line":308,"column":9},"skip":true},"71":{"start":{"line":307,"column":12},"end":{"line":307,"column":82},"skip":true},"72":{"start":{"line":310,"column":8},"end":{"line":312,"column":9},"skip":true},"73":{"start":{"line":311,"column":12},"end":{"line":311,"column":18},"skip":true},"74":{"start":{"line":313,"column":8},"end":{"line":313,"column":54},"skip":true},"75":{"start":{"line":314,"column":8},"end":{"line":314,"column":69},"skip":true},"76":{"start":{"line":315,"column":8},"end":{"line":323,"column":36},"skip":true},"77":{"start":{"line":316,"column":12},"end":{"line":316,"column":61},"skip":true},"78":{"start":{"line":317,"column":12},"end":{"line":320,"column":13},"skip":true},"79":{"start":{"line":318,"column":16},"end":{"line":318,"column":75},"skip":true},"80":{"start":{"line":319,"column":16},"end":{"line":319,"column":23},"skip":true},"81":{"start":{"line":321,"column":12},"end":{"line":321,"column":38},"skip":true},"82":{"start":{"line":322,"column":12},"end":{"line":322,"column":27},"skip":true},"83":{"start":{"line":324,"column":8},"end":{"line":324,"column":14},"skip":true}},"branchMap":{"1":{"line":39,"type":"binary-expr","locations":[{"start":{"line":39,"column":23},"end":{"line":39,"column":62}},{"start":{"line":40,"column":20},"end":{"line":40,"column":70}},{"start":{"line":41,"column":20},"end":{"line":41,"column":71}},{"start":{"line":42,"column":20},"end":{"line":42,"column":29}}]},"2":{"line":44,"type":"binary-expr","locations":[{"start":{"line":44,"column":23},"end":{"line":44,"column":37}},{"start":{"line":45,"column":20},"end":{"line":45,"column":61}},{"start":{"line":46,"column":20},"end":{"line":46,"column":70}},{"start":{"line":47,"column":20},"end":{"line":47,"column":26}}]},"3":{"line":51,"type":"cond-expr","locations":[{"start":{"line":52,"column":14},"end":{"line":52,"column":20}},{"start":{"line":53,"column":14},"end":{"line":53,"column":20}}]},"4":{"line":55,"type":"binary-expr","locations":[{"start":{"line":55,"column":16},"end":{"line":55,"column":44}},{"start":{"line":55,"column":49},"end":{"line":57,"column":43}}]},"5":{"line":55,"type":"cond-expr","locations":[{"start":{"line":56,"column":14},"end":{"line":56,"column":49}},{"start":{"line":57,"column":14},"end":{"line":57,"column":43}}]},"6":{"line":61,"type":"switch","locations":[{"start":{"line":68,"column":4},"end":{"line":150,"column":14},"skip":true},{"start":{"line":156,"column":4},"end":{"line":324,"column":14},"skip":true}]},"7":{"line":70,"type":"if","locations":[{"start":{"line":70,"column":12},"end":{"line":70,"column":12},"skip":true},{"start":{"line":70,"column":12},"end":{"line":70,"column":12},"skip":true}]},"8":{"line":70,"type":"binary-expr","locations":[{"start":{"line":70,"column":16},"end":{"line":70,"column":22},"skip":true},{"start":{"line":70,"column":27},"end":{"line":70,"column":32},"skip":true},{"start":{"line":71,"column":20},"end":{"line":71,"column":39},"skip":true},{"start":{"line":72,"column":20},"end":{"line":72,"column":49},"skip":true},{"start":{"line":73,"column":20},"end":{"line":73,"column":58},"skip":true},{"start":{"line":74,"column":20},"end":{"line":74,"column":69},"skip":true}]},"9":{"line":79,"type":"switch","locations":[{"start":{"line":80,"column":20},"end":{"line":80,"column":33},"skip":true},{"start":{"line":81,"column":20},"end":{"line":83,"column":30},"skip":true},{"start":{"line":84,"column":20},"end":{"line":85,"column":49},"skip":true}]},"10":{"line":89,"type":"switch","locations":[{"start":{"line":90,"column":12},"end":{"line":103,"column":22},"skip":true},{"start":{"line":105,"column":12},"end":{"line":106,"column":22},"skip":true}]},"11":{"line":89,"type":"binary-expr","locations":[{"start":{"line":89,"column":20},"end":{"line":89,"column":25},"skip":true},{"start":{"line":89,"column":29},"end":{"line":89,"column":48},"skip":true},{"start":{"line":89,"column":52},"end":{"line":89,"column":74},"skip":true}]},"12":{"line":92,"type":"if","locations":[{"start":{"line":92,"column":16},"end":{"line":92,"column":16},"skip":true},{"start":{"line":92,"column":16},"end":{"line":92,"column":16},"skip":true}]},"13":{"line":108,"type":"if","locations":[{"start":{"line":108,"column":12},"end":{"line":108,"column":12},"skip":true},{"start":{"line":108,"column":12},"end":{"line":108,"column":12},"skip":true}]},"14":{"line":108,"type":"binary-expr","locations":[{"start":{"line":108,"column":16},"end":{"line":108,"column":61},"skip":true},{"start":{"line":108,"column":66},"end":{"line":108,"column":72},"skip":true},{"start":{"line":108,"column":77},"end":{"line":108,"column":82},"skip":true},{"start":{"line":109,"column":20},"end":{"line":109,"column":39},"skip":true},{"start":{"line":110,"column":20},"end":{"line":110,"column":49},"skip":true},{"start":{"line":111,"column":20},"end":{"line":111,"column":58},"skip":true},{"start":{"line":112,"column":20},"end":{"line":112,"column":68},"skip":true}]},"15":{"line":129,"type":"if","locations":[{"start":{"line":129,"column":16},"end":{"line":129,"column":16},"skip":true},{"start":{"line":129,"column":16},"end":{"line":129,"column":16},"skip":true}]},"16":{"line":134,"type":"cond-expr","locations":[{"start":{"line":135,"column":26},"end":{"line":135,"column":29},"skip":true},{"start":{"line":136,"column":26},"end":{"line":136,"column":54},"skip":true}]},"17":{"line":164,"type":"binary-expr","locations":[{"start":{"line":164,"column":27},"end":{"line":164,"column":43},"skip":true},{"start":{"line":164,"column":47},"end":{"line":164,"column":49},"skip":true}]},"18":{"line":258,"type":"if","locations":[{"start":{"line":258,"column":8},"end":{"line":258,"column":8},"skip":true},{"start":{"line":258,"column":8},"end":{"line":258,"column":8},"skip":true}]},"19":{"line":275,"type":"switch","locations":[{"start":{"line":276,"column":20},"end":{"line":277,"column":64},"skip":true},{"start":{"line":278,"column":20},"end":{"line":279,"column":40},"skip":true},{"start":{"line":280,"column":20},"end":{"line":281,"column":40},"skip":true},{"start":{"line":282,"column":20},"end":{"line":283,"column":39},"skip":true}]},"20":{"line":288,"type":"if","locations":[{"start":{"line":288,"column":8},"end":{"line":288,"column":8},"skip":true},{"start":{"line":288,"column":8},"end":{"line":288,"column":8},"skip":true}]},"21":{"line":288,"type":"binary-expr","locations":[{"start":{"line":288,"column":12},"end":{"line":288,"column":40},"skip":true},{"start":{"line":288,"column":44},"end":{"line":288,"column":67},"skip":true}]},"22":{"line":292,"type":"binary-expr","locations":[{"start":{"line":292,"column":12},"end":{"line":292,"column":50},"skip":true},{"start":{"line":293,"column":12},"end":{"line":293,"column":53},"skip":true}]},"23":{"line":297,"type":"binary-expr","locations":[{"start":{"line":297,"column":12},"end":{"line":297,"column":63},"skip":true},{"start":{"line":298,"column":12},"end":{"line":301,"column":36},"skip":true}]},"24":{"line":303,"type":"binary-expr","locations":[{"start":{"line":303,"column":43},"end":{"line":303,"column":75},"skip":true},{"start":{"line":303,"column":79},"end":{"line":303,"column":81},"skip":true}]},"25":{"line":306,"type":"if","locations":[{"start":{"line":306,"column":8},"end":{"line":306,"column":8},"skip":true},{"start":{"line":306,"column":8},"end":{"line":306,"column":8},"skip":true}]},"26":{"line":310,"type":"if","locations":[{"start":{"line":310,"column":8},"end":{"line":310,"column":8},"skip":true},{"start":{"line":310,"column":8},"end":{"line":310,"column":8},"skip":true}]},"27":{"line":313,"type":"binary-expr","locations":[{"start":{"line":313,"column":27},"end":{"line":313,"column":43},"skip":true},{"start":{"line":313,"column":47},"end":{"line":313,"column":53},"skip":true}]},"28":{"line":317,"type":"if","locations":[{"start":{"line":317,"column":12},"end":{"line":317,"column":12},"skip":true},{"start":{"line":317,"column":12},"end":{"line":317,"column":12},"skip":true}]}},"code":["/*","example.js","","quickstart example","","instruction","    1. save this script as example.js","    2. run the shell command:","        $ npm install npmtest-id3js && PORT=8081 node example.js","    3. play with the browser-demo on http://127.0.0.1:8081","*/","","","","/* istanbul instrument in package npmtest_id3js */","/*jslint","    bitwise: true,","    browser: true,","    maxerr: 8,","    maxlen: 96,","    node: true,","    nomen: true,","    regexp: true,","    stupid: true","*/","(function () {","    'use strict';","    var local;","","","","    // run shared js-env code - pre-init","    (function () {","        // init local","        local = {};","        // init modeJs","        local.modeJs = (function () {","            try {","                return typeof navigator.userAgent === 'string' &&","                    typeof document.querySelector('body') === 'object' &&","                    typeof XMLHttpRequest.prototype.open === 'function' &&","                    'browser';","            } catch (errorCaughtBrowser) {","                return module.exports &&","                    typeof process.versions.node === 'string' &&","                    typeof require('http').createServer === 'function' &&","                    'node';","            }","        }());","        // init global","        local.global = local.modeJs === 'browser'","            ? window","            : global;","        // init utility2_rollup","        local = local.global.utility2_rollup || (local.modeJs === 'browser'","            ? local.global.utility2_npmtest_id3js","            : global.utility2_moduleExports);","        // export local","        local.global.local = local;","    }());","    switch (local.modeJs) {","","","","    // post-init","    // run browser js-env code - post-init","    /* istanbul ignore next */","    case 'browser':","        local.testRunBrowser = function (event) {","            if (!event || (event &&","                    event.currentTarget &&","                    event.currentTarget.className &&","                    event.currentTarget.className.includes &&","                    event.currentTarget.className.includes('onreset'))) {","                // reset output","                Array.from(","                    document.querySelectorAll('body > .resettable')","                ).forEach(function (element) {","                    switch (element.tagName) {","                    case 'INPUT':","                    case 'TEXTAREA':","                        element.value = '';","                        break;","                    default:","                        element.textContent = '';","                    }","                });","            }","            switch (event && event.currentTarget && event.currentTarget.id) {","            case 'testRunButton1':","                // show tests","                if (document.querySelector('#testReportDiv1').style.display === 'none') {","                    document.querySelector('#testReportDiv1').style.display = 'block';","                    document.querySelector('#testRunButton1').textContent =","                        'hide internal test';","                    local.modeTest = true;","                    local.testRunDefault(local);","                // hide tests","                } else {","                    document.querySelector('#testReportDiv1').style.display = 'none';","                    document.querySelector('#testRunButton1').textContent = 'run internal test';","                }","                break;","            // custom-case","            default:","                break;","            }","            if (document.querySelector('#inputTextareaEval1') && (!event || (event &&","                    event.currentTarget &&","                    event.currentTarget.className &&","                    event.currentTarget.className.includes &&","                    event.currentTarget.className.includes('oneval')))) {","                // try to eval input-code","                try {","                    /*jslint evil: true*/","                    eval(document.querySelector('#inputTextareaEval1').value);","                } catch (errorCaught) {","                    console.error(errorCaught);","                }","            }","        };","        // log stderr and stdout to #outputTextareaStdout1","        ['error', 'log'].forEach(function (key) {","            console[key + '_original'] = console[key];","            console[key] = function () {","                var element;","                console[key + '_original'].apply(console, arguments);","                element = document.querySelector('#outputTextareaStdout1');","                if (!element) {","                    return;","                }","                // append text to #outputTextareaStdout1","                element.value += Array.from(arguments).map(function (arg) {","                    return typeof arg === 'string'","                        ? arg","                        : JSON.stringify(arg, null, 4);","                }).join(' ') + '\\n';","                // scroll textarea to bottom","                element.scrollTop = element.scrollHeight;","            };","        });","        // init event-handling","        ['change', 'click', 'keyup'].forEach(function (event) {","            Array.from(document.querySelectorAll('.on' + event)).forEach(function (element) {","                element.addEventListener(event, local.testRunBrowser);","            });","        });","        // run tests","        local.testRunBrowser();","        break;","","","","    // run node js-env code - post-init","    /* istanbul ignore next */","    case 'node':","        // export local","        module.exports = local;","        // require modules","        local.fs = require('fs');","        local.http = require('http');","        local.url = require('url');","        // init assets","        local.assetsDict = local.assetsDict || {};","        /* jslint-ignore-begin */","        local.assetsDict['/assets.index.template.html'] = '\\","<!doctype html>\\n\\","<html lang=\"en\">\\n\\","<head>\\n\\","<meta charset=\"UTF-8\">\\n\\","<meta name=\"viewport\" content=\"width=device-width, initial-scale=1\">\\n\\","<title>{{env.npm_package_name}} (v{{env.npm_package_version}})</title>\\n\\","<style>\\n\\","/*csslint\\n\\","    box-sizing: false,\\n\\","    universal-selector: false\\n\\","*/\\n\\","* {\\n\\","    box-sizing: border-box;\\n\\","}\\n\\","body {\\n\\","    background: #dde;\\n\\","    font-family: Arial, Helvetica, sans-serif;\\n\\","    margin: 2rem;\\n\\","}\\n\\","body > * {\\n\\","    margin-bottom: 1rem;\\n\\","}\\n\\",".utility2FooterDiv {\\n\\","    margin-top: 20px;\\n\\","    text-align: center;\\n\\","}\\n\\","</style>\\n\\","<style>\\n\\","/*csslint\\n\\","*/\\n\\","textarea {\\n\\","    font-family: monospace;\\n\\","    height: 10rem;\\n\\","    width: 100%;\\n\\","}\\n\\","textarea[readonly] {\\n\\","    background: #ddd;\\n\\","}\\n\\","</style>\\n\\","</head>\\n\\","<body>\\n\\","<!-- utility2-comment\\n\\","<div id=\"ajaxProgressDiv1\" style=\"background: #d00; height: 2px; left: 0; margin: 0; padding: 0; position: fixed; top: 0; transition: background 0.5s, width 1.5s; width: 25%;\"></div>\\n\\","utility2-comment -->\\n\\","<h1>\\n\\","<!-- utility2-comment\\n\\","    <a\\n\\","        {{#if env.npm_package_homepage}}\\n\\","        href=\"{{env.npm_package_homepage}}\"\\n\\","        {{/if env.npm_package_homepage}}\\n\\","        target=\"_blank\"\\n\\","    >\\n\\","utility2-comment -->\\n\\","        {{env.npm_package_name}} (v{{env.npm_package_version}})\\n\\","<!-- utility2-comment\\n\\","    </a>\\n\\","utility2-comment -->\\n\\","</h1>\\n\\","<h3>{{env.npm_package_description}}</h3>\\n\\","<!-- utility2-comment\\n\\","<h4><a download href=\"assets.app.js\">download standalone app</a></h4>\\n\\","<button class=\"onclick onreset\" id=\"testRunButton1\">run internal test</button><br>\\n\\","<div id=\"testReportDiv1\" style=\"display: none;\"></div>\\n\\","utility2-comment -->\\n\\","\\n\\","\\n\\","\\n\\","<label>stderr and stdout</label>\\n\\","<textarea class=\"resettable\" id=\"outputTextareaStdout1\" readonly></textarea>\\n\\","<!-- utility2-comment\\n\\","{{#if isRollup}}\\n\\","<script src=\"assets.app.js\"></script>\\n\\","{{#unless isRollup}}\\n\\","utility2-comment -->\\n\\","<script src=\"assets.utility2.rollup.js\"></script>\\n\\","<script src=\"jsonp.utility2._stateInit?callback=window.utility2._stateInit\"></script>\\n\\","<script src=\"assets.npmtest_id3js.rollup.js\"></script>\\n\\","<script src=\"assets.example.js\"></script>\\n\\","<script src=\"assets.test.js\"></script>\\n\\","<!-- utility2-comment\\n\\","{{/if isRollup}}\\n\\","utility2-comment -->\\n\\","<div class=\"utility2FooterDiv\">\\n\\","    [ this app was created with\\n\\","    <a href=\"https://github.com/kaizhu256/node-utility2\" target=\"_blank\">utility2</a>\\n\\","    ]\\n\\","</div>\\n\\","</body>\\n\\","</html>\\n\\","';","        /* jslint-ignore-end */","        if (local.templateRender) {","            local.assetsDict['/'] = local.templateRender(","                local.assetsDict['/assets.index.template.html'],","                {","                    env: local.objectSetDefault(local.env, {","                        npm_package_description: 'the greatest app in the world!',","                        npm_package_name: 'my-app',","                        npm_package_nameAlias: 'my_app',","                        npm_package_version: '0.0.1'","                    })","                }","            );","        } else {","            local.assetsDict['/'] = local.assetsDict['/assets.index.template.html']","                .replace((/\\{\\{env\\.(\\w+?)\\}\\}/g), function (match0, match1) {","                    // jslint-hack","                    String(match0);","                    switch (match1) {","                    case 'npm_package_description':","                        return 'the greatest app in the world!';","                    case 'npm_package_name':","                        return 'my-app';","                    case 'npm_package_nameAlias':","                        return 'my_app';","                    case 'npm_package_version':","                        return '0.0.1';","                    }","                });","        }","        // run the cli","        if (local.global.utility2_rollup || module !== require.main) {","            break;","        }","        local.assetsDict['/assets.example.js'] =","            local.assetsDict['/assets.example.js'] ||","            local.fs.readFileSync(__filename, 'utf8');","        // bug-workaround - long $npm_package_buildCustomOrg","        /* jslint-ignore-begin */","        local.assetsDict['/assets.npmtest_id3js.rollup.js'] =","            local.assetsDict['/assets.npmtest_id3js.rollup.js'] ||","            local.fs.readFileSync(","                local.npmtest_id3js.__dirname + '/lib.npmtest_id3js.js',","                'utf8'","            ).replace((/^#!/), '//');","        /* jslint-ignore-end */","        local.assetsDict['/favicon.ico'] = local.assetsDict['/favicon.ico'] || '';","        // if $npm_config_timeout_exit exists,","        // then exit this process after $npm_config_timeout_exit ms","        if (Number(process.env.npm_config_timeout_exit)) {","            setTimeout(process.exit, Number(process.env.npm_config_timeout_exit));","        }","        // start server","        if (local.global.utility2_serverHttp1) {","            break;","        }","        process.env.PORT = process.env.PORT || '8081';","        console.error('server starting on port ' + process.env.PORT);","        local.http.createServer(function (request, response) {","            request.urlParsed = local.url.parse(request.url);","            if (local.assetsDict[request.urlParsed.pathname] !== undefined) {","                response.end(local.assetsDict[request.urlParsed.pathname]);","                return;","            }","            response.statusCode = 404;","            response.end();","        }).listen(process.env.PORT);","        break;","    }","}());",""],"l":{"26":2,"28":2,"33":2,"35":2,"37":2,"38":2,"39":2,"44":1,"51":2,"55":2,"59":2,"61":2,"69":1,"70":2,"76":2,"79":2,"82":2,"83":2,"85":1,"89":2,"92":1,"93":1,"94":1,"96":1,"97":1,"100":1,"101":1,"103":1,"106":1,"108":2,"114":1,"116":1,"118":1,"123":1,"124":2,"125":2,"126":3,"127":3,"128":3,"129":3,"130":1,"133":3,"134":3,"139":3,"143":1,"144":3,"145":1,"149":1,"150":1,"158":1,"160":1,"161":1,"162":1,"164":1,"166":1,"258":1,"259":1,"271":1,"274":6,"275":6,"277":1,"279":2,"281":1,"283":2,"288":1,"289":1,"291":1,"296":1,"303":1,"306":1,"307":1,"310":1,"311":1,"313":1,"314":1,"315":1,"316":1,"317":1,"318":1,"319":1,"321":1,"322":1,"324":1}},"/home/travis/build/npmtest/node-npmtest-id3js/node_modules/id3js/dist/id3.js":{"path":"/home/travis/build/npmtest/node-npmtest-id3js/node_modules/id3js/dist/id3.js","s":{"1":1,"2":1,"3":0,"4":0,"5":0,"6":1,"7":1,"8":1,"9":1,"10":1,"11":1,"12":0,"13":0,"14":0,"15":0,"16":0,"17":0,"18":0,"19":0,"20":0,"21":0,"22":0,"23":0,"24":0,"25":0,"26":0,"27":0,"28":0,"29":0,"30":0,"31":0,"32":0,"33":0,"34":1,"35":0,"36":0,"37":1,"38":0,"39":0,"40":0,"41":0,"42":0,"43":0,"44":0,"45":0,"46":1,"47":0,"48":0,"49":0,"50":0,"51":0,"52":0,"53":0,"54":0,"55":0,"56":0,"57":0,"58":1,"59":0,"60":0,"61":0,"62":0,"63":0,"64":0,"65":0,"66":0,"67":1,"68":0,"69":0,"70":0,"71":0,"72":0,"73":0,"74":0,"75":0,"76":0,"77":0,"78":0,"79":0,"80":0,"81":0,"82":0,"83":0,"84":0,"85":0,"86":0,"87":0,"88":1,"89":0,"90":0,"91":0,"92":0,"93":1,"94":0,"95":0,"96":0,"97":0,"98":0,"99":0,"100":1,"101":0,"102":0,"103":0,"104":0,"105":0,"106":0,"107":0,"108":0,"109":0,"110":0,"111":0,"112":0,"113":0,"114":0,"115":0,"116":1,"117":0,"118":0,"119":0,"120":0,"121":0,"122":0,"123":0,"124":0,"125":0,"126":0,"127":0,"128":0,"129":0,"130":0,"131":0,"132":0,"133":0,"134":0,"135":0,"136":0,"137":0,"138":0,"139":0,"140":0,"141":0,"142":0,"143":0,"144":0,"145":0,"146":1,"147":0,"148":0,"149":0,"150":0,"151":0,"152":0,"153":1,"154":0,"155":1,"156":0,"157":1,"158":0,"159":0,"160":0,"161":1,"162":0,"163":0,"164":0,"165":0,"166":0,"167":0,"168":0,"169":0,"170":0,"171":0,"172":0,"173":0,"174":0,"175":0,"176":0,"177":0,"178":0,"179":0,"180":0,"181":0,"182":0,"183":0,"184":0,"185":0,"186":0,"187":0,"188":0,"189":0,"190":0,"191":0,"192":0,"193":0,"194":0,"195":0,"196":0,"197":0,"198":0,"199":0,"200":0,"201":0,"202":0,"203":0,"204":0,"205":0,"206":0,"207":0,"208":0,"209":0,"210":0,"211":0,"212":0,"213":0,"214":0,"215":0,"216":0,"217":0,"218":0,"219":0,"220":0,"221":0,"222":0,"223":0,"224":0,"225":0,"226":0,"227":0,"228":0,"229":0,"230":0,"231":0,"232":0,"233":0,"234":0,"235":0,"236":0,"237":0,"238":0,"239":0,"240":0,"241":0,"242":0,"243":0,"244":0,"245":0,"246":0,"247":0,"248":0,"249":0,"250":0,"251":0,"252":0,"253":0,"254":0,"255":0,"256":0,"257":0,"258":0,"259":0,"260":0,"261":0,"262":0,"263":0,"264":0,"265":0,"266":0,"267":0,"268":0,"269":0,"270":0,"271":0,"272":0,"273":0,"274":0,"275":0,"276":0,"277":0,"278":0,"279":0,"280":0,"281":0,"282":0,"283":0,"284":0,"285":0,"286":0,"287":0,"288":0,"289":0,"290":0,"291":0,"292":0,"293":0,"294":0,"295":0,"296":0,"297":0,"298":0,"299":0,"300":0,"301":0,"302":0,"303":0,"304":0,"305":0,"306":0,"307":0,"308":0,"309":0,"310":0,"311":0,"312":0,"313":0,"314":0,"315":0,"316":0,"317":0,"318":0,"319":0,"320":0,"321":0,"322":0,"323":0,"324":0,"325":0,"326":0,"327":0,"328":0,"329":0,"330":0,"331":0,"332":0,"333":0,"334":0,"335":0,"336":0,"337":0,"338":0,"339":0,"340":0,"341":0,"342":0,"343":0,"344":1,"345":1,"346":1,"347":1,"348":1,"349":0,"350":0,"351":0,"352":0},"b":{"1":[0,0],"2":[1,0],"3":[0,0,0],"4":[0,0],"5":[0,0],"6":[0,0],"7":[0,0],"8":[0,0],"9":[0,0],"10":[0,0],"11":[0,0],"12":[0,0],"13":[0,0],"14":[0,0],"15":[0,0],"16":[0,0],"17":[0,0],"18":[0,0],"19":[0,0],"20":[0,0],"21":[0,0],"22":[0,0],"23":[0,0],"24":[0,0],"25":[0,0],"26":[0,0],"27":[0,0],"28":[0,0],"29":[0,0],"30":[0,0],"31":[0,0],"32":[0,0],"33":[0,0],"34":[0,0,0,0],"35":[0,0],"36":[0,0],"37":[0,0],"38":[0,0],"39":[0,0],"40":[0,0],"41":[0,0],"42":[0,0],"43":[0,0,0],"44":[0,0],"45":[0,0],"46":[0,0],"47":[0,0,0,0],"48":[0,0],"49":[0,0],"50":[0,0],"51":[0,0],"52":[0,0],"53":[0,0],"54":[0,0],"55":[0,0],"56":[0,0],"57":[0,0],"58":[0,0],"59":[0,0],"60":[0,0],"61":[0,0],"62":[0,0],"63":[0,0],"64":[0,0],"65":[0,0],"66":[0,0],"67":[0,0],"68":[0,0],"69":[0,0],"70":[0,0],"71":[0,0],"72":[0,0],"73":[0,0],"74":[0,0],"75":[0,0],"76":[0,0],"77":[0,0],"78":[0,0],"79":[0,0],"80":[0,0],"81":[0,0],"82":[0,0],"83":[0,0],"84":[0,0],"85":[0,0],"86":[0,0],"87":[0,0],"88":[0,0],"89":[0,0],"90":[0,0],"91":[0,0],"92":[0,0],"93":[0,0],"94":[0,0],"95":[0,0],"96":[0,0],"97":[0,0],"98":[0,0],"99":[0,0],"100":[0,0],"101":[0,0],"102":[0,0],"103":[0,0],"104":[0,0],"105":[0,0],"106":[0,0,0],"107":[0,0],"108":[0,0],"109":[0,0],"110":[0,0],"111":[0,0,0,0],"112":[0,0],"113":[0,0],"114":[0,0],"115":[0,0],"116":[1,0],"117":[1,1],"118":[0,0],"119":[0,0]},"f":{"1":1,"2":0,"3":0,"4":0,"5":0,"6":0,"7":0,"8":0,"9":0,"10":0,"11":0,"12":0,"13":0,"14":0,"15":0,"16":0,"17":0,"18":0,"19":0,"20":0,"21":0,"22":0,"23":0,"24":0,"25":0,"26":0,"27":0,"28":0,"29":0,"30":0,"31":0,"32":0,"33":0,"34":0,"35":0,"36":0},"fnMap":{"1":{"name":"(anonymous_1)","line":7,"loc":{"start":{"line":7,"column":1},"end":{"line":7,"column":12}}},"2":{"name":"(anonymous_2)","line":12,"loc":{"start":{"line":12,"column":14},"end":{"line":12,"column":29}}},"3":{"name":"(anonymous_3)","line":26,"loc":{"start":{"line":26,"column":25},"end":{"line":26,"column":50}}},"4":{"name":"(anonymous_4)","line":31,"loc":{"start":{"line":31,"column":23},"end":{"line":31,"column":43}}},"5":{"name":"(anonymous_5)","line":36,"loc":{"start":{"line":36,"column":29},"end":{"line":36,"column":47}}},"6":{"name":"(anonymous_6)","line":55,"loc":{"start":{"line":55,"column":5},"end":{"line":55,"column":30}}},"7":{"name":"(anonymous_7)","line":67,"loc":{"start":{"line":67,"column":26},"end":{"line":67,"column":37}}},"8":{"name":"(anonymous_8)","line":73,"loc":{"start":{"line":73,"column":25},"end":{"line":73,"column":62}}},"9":{"name":"(anonymous_9)","line":87,"loc":{"start":{"line":87,"column":29},"end":{"line":87,"column":72}}},"10":{"name":"(anonymous_10)","line":95,"loc":{"start":{"line":95,"column":30},"end":{"line":95,"column":50}}},"11":{"name":"(anonymous_11)","line":107,"loc":{"start":{"line":107,"column":30},"end":{"line":107,"column":67}}},"12":{"name":"(anonymous_12)","line":109,"loc":{"start":{"line":109,"column":48},"end":{"line":109,"column":81}}},"13":{"name":"(anonymous_13)","line":125,"loc":{"start":{"line":125,"column":25},"end":{"line":125,"column":50}}},"14":{"name":"(anonymous_14)","line":138,"loc":{"start":{"line":138,"column":27},"end":{"line":138,"column":38}}},"15":{"name":"(anonymous_15)","line":158,"loc":{"start":{"line":158,"column":28},"end":{"line":158,"column":65}}},"16":{"name":"(anonymous_16)","line":166,"loc":{"start":{"line":166,"column":3},"end":{"line":166,"column":25}}},"17":{"name":"(anonymous_17)","line":178,"loc":{"start":{"line":178,"column":29},"end":{"line":178,"column":66}}},"18":{"name":"(anonymous_18)","line":181,"loc":{"start":{"line":181,"column":14},"end":{"line":181,"column":26}}},"19":{"name":"(anonymous_19)","line":184,"loc":{"start":{"line":184,"column":15},"end":{"line":184,"column":27}}},"20":{"name":"(anonymous_20)","line":193,"loc":{"start":{"line":193,"column":32},"end":{"line":193,"column":62}}},"21":{"name":"(anonymous_21)","line":217,"loc":{"start":{"line":217,"column":37},"end":{"line":217,"column":67}}},"22":{"name":"(anonymous_22)","line":263,"loc":{"start":{"line":263,"column":31},"end":{"line":263,"column":45}}},"23":{"name":"(anonymous_23)","line":274,"loc":{"start":{"line":274,"column":36},"end":{"line":274,"column":53}}},"24":{"name":"(anonymous_24)","line":278,"loc":{"start":{"line":278,"column":37},"end":{"line":278,"column":54}}},"25":{"name":"(anonymous_25)","line":285,"loc":{"start":{"line":285,"column":32},"end":{"line":285,"column":63}}},"26":{"name":"(anonymous_26)","line":292,"loc":{"start":{"line":292,"column":11},"end":{"line":292,"column":30}}},"27":{"name":"(anonymous_27)","line":633,"loc":{"start":{"line":633,"column":19},"end":{"line":633,"column":50}}},"28":{"name":"(anonymous_28)","line":746,"loc":{"start":{"line":746,"column":25},"end":{"line":746,"column":42}}},"29":{"name":"(anonymous_29)","line":808,"loc":{"start":{"line":808,"column":17},"end":{"line":808,"column":44}}},"30":{"name":"(anonymous_30)","line":831,"loc":{"start":{"line":831,"column":14},"end":{"line":831,"column":28}}},"31":{"name":"(anonymous_31)","line":843,"loc":{"start":{"line":843,"column":39},"end":{"line":843,"column":61}}},"32":{"name":"(anonymous_32)","line":877,"loc":{"start":{"line":877,"column":22},"end":{"line":877,"column":44}}},"33":{"name":"(anonymous_33)","line":915,"loc":{"start":{"line":915,"column":37},"end":{"line":915,"column":59}}},"34":{"name":"(anonymous_34)","line":961,"loc":{"start":{"line":961,"column":28},"end":{"line":961,"column":42}}},"35":{"name":"(anonymous_35)","line":965,"loc":{"start":{"line":965,"column":24},"end":{"line":965,"column":44}}},"36":{"name":"(anonymous_36)","line":980,"loc":{"start":{"line":980,"column":21},"end":{"line":980,"column":32}}}},"statementMap":{"1":{"start":{"line":7,"column":0},"end":{"line":987,"column":5}},"2":{"start":{"line":12,"column":1},"end":{"line":16,"column":3}},"3":{"start":{"line":13,"column":2},"end":{"line":13,"column":38}},"4":{"start":{"line":14,"column":2},"end":{"line":14,"column":19}},"5":{"start":{"line":15,"column":2},"end":{"line":15,"column":19}},"6":{"start":{"line":18,"column":1},"end":{"line":18,"column":22}},"7":{"start":{"line":19,"column":1},"end":{"line":19,"column":21}},"8":{"start":{"line":20,"column":1},"end":{"line":20,"column":23}},"9":{"start":{"line":22,"column":1},"end":{"line":24,"column":2}},"10":{"start":{"line":23,"column":2},"end":{"line":23,"column":25}},"11":{"start":{"line":26,"column":1},"end":{"line":65,"column":3}},"12":{"start":{"line":27,"column":2},"end":{"line":27,"column":19}},"13":{"start":{"line":28,"column":2},"end":{"line":28,"column":18}},"14":{"start":{"line":29,"column":2},"end":{"line":64,"column":3}},"15":{"start":{"line":31,"column":4},"end":{"line":43,"column":7}},"16":{"start":{"line":32,"column":5},"end":{"line":34,"column":6}},"17":{"start":{"line":33,"column":6},"end":{"line":33,"column":27}},"18":{"start":{"line":35,"column":5},"end":{"line":35,"column":27}},"19":{"start":{"line":36,"column":5},"end":{"line":42,"column":8}},"20":{"start":{"line":37,"column":6},"end":{"line":39,"column":7}},"21":{"start":{"line":38,"column":7},"end":{"line":38,"column":28}},"22":{"start":{"line":40,"column":6},"end":{"line":40,"column":19}},"23":{"start":{"line":41,"column":6},"end":{"line":41,"column":17}},"24":{"start":{"line":44,"column":3},"end":{"line":44,"column":9}},"25":{"start":{"line":46,"column":4},"end":{"line":46,"column":31}},"26":{"start":{"line":47,"column":4},"end":{"line":47,"column":15}},"27":{"start":{"line":48,"column":3},"end":{"line":48,"column":9}},"28":{"start":{"line":50,"column":4},"end":{"line":62,"column":6}},"29":{"start":{"line":56,"column":6},"end":{"line":58,"column":7}},"30":{"start":{"line":57,"column":7},"end":{"line":57,"column":28}},"31":{"start":{"line":59,"column":6},"end":{"line":59,"column":68}},"32":{"start":{"line":60,"column":6},"end":{"line":60,"column":17}},"33":{"start":{"line":63,"column":3},"end":{"line":63,"column":9}},"34":{"start":{"line":67,"column":1},"end":{"line":71,"column":3}},"35":{"start":{"line":68,"column":2},"end":{"line":70,"column":3}},"36":{"start":{"line":69,"column":3},"end":{"line":69,"column":21}},"37":{"start":{"line":73,"column":1},"end":{"line":85,"column":3}},"38":{"start":{"line":74,"column":2},"end":{"line":77,"column":3}},"39":{"start":{"line":75,"column":3},"end":{"line":75,"column":23}},"40":{"start":{"line":76,"column":3},"end":{"line":76,"column":16}},"41":{"start":{"line":78,"column":2},"end":{"line":84,"column":3}},"42":{"start":{"line":79,"column":3},"end":{"line":79,"column":46}},"43":{"start":{"line":80,"column":9},"end":{"line":84,"column":3}},"44":{"start":{"line":81,"column":3},"end":{"line":81,"column":45}},"45":{"start":{"line":83,"column":3},"end":{"line":83,"column":44}},"46":{"start":{"line":87,"column":1},"end":{"line":102,"column":3}},"47":{"start":{"line":88,"column":2},"end":{"line":94,"column":3}},"48":{"start":{"line":89,"column":3},"end":{"line":89,"column":23}},"49":{"start":{"line":90,"column":3},"end":{"line":90,"column":16}},"50":{"start":{"line":91,"column":9},"end":{"line":94,"column":3}},"51":{"start":{"line":92,"column":3},"end":{"line":92,"column":19}},"52":{"start":{"line":93,"column":3},"end":{"line":93,"column":37}},"53":{"start":{"line":95,"column":2},"end":{"line":101,"column":5}},"54":{"start":{"line":96,"column":3},"end":{"line":99,"column":4}},"55":{"start":{"line":97,"column":4},"end":{"line":97,"column":18}},"56":{"start":{"line":98,"column":4},"end":{"line":98,"column":11}},"57":{"start":{"line":100,"column":3},"end":{"line":100,"column":50}},"58":{"start":{"line":107,"column":1},"end":{"line":120,"column":3}},"59":{"start":{"line":108,"column":2},"end":{"line":108,"column":34}},"60":{"start":{"line":109,"column":2},"end":{"line":119,"column":5}},"61":{"start":{"line":110,"column":3},"end":{"line":112,"column":4}},"62":{"start":{"line":111,"column":4},"end":{"line":111,"column":25}},"63":{"start":{"line":113,"column":3},"end":{"line":114,"column":30}},"64":{"start":{"line":115,"column":3},"end":{"line":117,"column":4}},"65":{"start":{"line":116,"column":4},"end":{"line":116,"column":24}},"66":{"start":{"line":118,"column":3},"end":{"line":118,"column":22}},"67":{"start":{"line":125,"column":1},"end":{"line":156,"column":3}},"68":{"start":{"line":126,"column":2},"end":{"line":130,"column":4}},"69":{"start":{"line":131,"column":2},"end":{"line":133,"column":3}},"70":{"start":{"line":132,"column":3},"end":{"line":132,"column":22}},"71":{"start":{"line":134,"column":2},"end":{"line":136,"column":3}},"72":{"start":{"line":135,"column":3},"end":{"line":135,"column":24}},"73":{"start":{"line":137,"column":2},"end":{"line":137,"column":33}},"74":{"start":{"line":138,"column":2},"end":{"line":144,"column":4}},"75":{"start":{"line":139,"column":3},"end":{"line":139,"column":35}},"76":{"start":{"line":139,"column":28},"end":{"line":139,"column":35}},"77":{"start":{"line":140,"column":3},"end":{"line":142,"column":4}},"78":{"start":{"line":141,"column":4},"end":{"line":141,"column":74}},"79":{"start":{"line":143,"column":3},"end":{"line":143,"column":37}},"80":{"start":{"line":145,"column":2},"end":{"line":145,"column":42}},"81":{"start":{"line":146,"column":2},"end":{"line":146,"column":44}},"82":{"start":{"line":147,"column":2},"end":{"line":154,"column":3}},"83":{"start":{"line":148,"column":3},"end":{"line":148,"column":44}},"84":{"start":{"line":149,"column":3},"end":{"line":153,"column":4}},"85":{"start":{"line":150,"column":4},"end":{"line":150,"column":88}},"86":{"start":{"line":152,"column":4},"end":{"line":152,"column":63}},"87":{"start":{"line":155,"column":2},"end":{"line":155,"column":13}},"88":{"start":{"line":158,"column":1},"end":{"line":173,"column":3}},"89":{"start":{"line":159,"column":2},"end":{"line":172,"column":4}},"90":{"start":{"line":167,"column":4},"end":{"line":169,"column":5}},"91":{"start":{"line":168,"column":5},"end":{"line":168,"column":26}},"92":{"start":{"line":170,"column":4},"end":{"line":170,"column":34}},"93":{"start":{"line":178,"column":1},"end":{"line":188,"column":3}},"94":{"start":{"line":179,"column":2},"end":{"line":180,"column":25}},"95":{"start":{"line":181,"column":2},"end":{"line":183,"column":4}},"96":{"start":{"line":182,"column":3},"end":{"line":182,"column":35}},"97":{"start":{"line":184,"column":2},"end":{"line":186,"column":4}},"98":{"start":{"line":185,"column":3},"end":{"line":185,"column":32}},"99":{"start":{"line":187,"column":2},"end":{"line":187,"column":30}},"100":{"start":{"line":193,"column":1},"end":{"line":215,"column":3}},"101":{"start":{"line":194,"column":2},"end":{"line":194,"column":23}},"102":{"start":{"line":195,"column":2},"end":{"line":195,"column":48}},"103":{"start":{"line":196,"column":2},"end":{"line":198,"column":3}},"104":{"start":{"line":197,"column":3},"end":{"line":197,"column":29}},"105":{"start":{"line":199,"column":2},"end":{"line":199,"column":15}},"106":{"start":{"line":200,"column":2},"end":{"line":214,"column":3}},"107":{"start":{"line":201,"column":3},"end":{"line":201,"column":17}},"108":{"start":{"line":202,"column":3},"end":{"line":204,"column":4}},"109":{"start":{"line":203,"column":4},"end":{"line":203,"column":32}},"110":{"start":{"line":205,"column":3},"end":{"line":205,"column":40}},"111":{"start":{"line":207,"column":3},"end":{"line":209,"column":4}},"112":{"start":{"line":208,"column":4},"end":{"line":208,"column":49}},"113":{"start":{"line":210,"column":3},"end":{"line":212,"column":4}},"114":{"start":{"line":211,"column":4},"end":{"line":211,"column":15}},"115":{"start":{"line":213,"column":3},"end":{"line":213,"column":54}},"116":{"start":{"line":217,"column":1},"end":{"line":261,"column":3}},"117":{"start":{"line":218,"column":2},"end":{"line":218,"column":23}},"118":{"start":{"line":219,"column":2},"end":{"line":219,"column":48}},"119":{"start":{"line":220,"column":2},"end":{"line":222,"column":21}},"120":{"start":{"line":223,"column":2},"end":{"line":226,"column":3}},"121":{"start":{"line":224,"column":3},"end":{"line":224,"column":12}},"122":{"start":{"line":225,"column":3},"end":{"line":225,"column":20}},"123":{"start":{"line":227,"column":2},"end":{"line":229,"column":3}},"124":{"start":{"line":228,"column":3},"end":{"line":228,"column":29}},"125":{"start":{"line":230,"column":2},"end":{"line":237,"column":3}},"126":{"start":{"line":231,"column":3},"end":{"line":231,"column":39}},"127":{"start":{"line":232,"column":3},"end":{"line":234,"column":4}},"128":{"start":{"line":233,"column":4},"end":{"line":233,"column":24}},"129":{"start":{"line":235,"column":3},"end":{"line":235,"column":15}},"130":{"start":{"line":236,"column":3},"end":{"line":236,"column":15}},"131":{"start":{"line":238,"column":2},"end":{"line":255,"column":3}},"132":{"start":{"line":239,"column":3},"end":{"line":239,"column":44}},"133":{"start":{"line":240,"column":3},"end":{"line":254,"column":4}},"134":{"start":{"line":241,"column":4},"end":{"line":245,"column":5}},"135":{"start":{"line":242,"column":5},"end":{"line":242,"column":18}},"136":{"start":{"line":244,"column":5},"end":{"line":244,"column":36}},"137":{"start":{"line":246,"column":10},"end":{"line":254,"column":4}},"138":{"start":{"line":247,"column":4},"end":{"line":247,"column":18}},"139":{"start":{"line":248,"column":4},"end":{"line":253,"column":5}},"140":{"start":{"line":249,"column":5},"end":{"line":249,"column":47}},"141":{"start":{"line":250,"column":5},"end":{"line":250,"column":37}},"142":{"start":{"line":252,"column":5},"end":{"line":252,"column":110}},"143":{"start":{"line":256,"column":2},"end":{"line":260,"column":3}},"144":{"start":{"line":257,"column":3},"end":{"line":257,"column":39}},"145":{"start":{"line":259,"column":3},"end":{"line":259,"column":54}},"146":{"start":{"line":263,"column":1},"end":{"line":272,"column":3}},"147":{"start":{"line":264,"column":2},"end":{"line":265,"column":21}},"148":{"start":{"line":266,"column":2},"end":{"line":270,"column":3}},"149":{"start":{"line":267,"column":3},"end":{"line":267,"column":13}},"150":{"start":{"line":268,"column":3},"end":{"line":268,"column":21}},"151":{"start":{"line":269,"column":3},"end":{"line":269,"column":14}},"152":{"start":{"line":271,"column":2},"end":{"line":271,"column":13}},"153":{"start":{"line":274,"column":1},"end":{"line":276,"column":3}},"154":{"start":{"line":275,"column":2},"end":{"line":275,"column":46}},"155":{"start":{"line":278,"column":1},"end":{"line":280,"column":3}},"156":{"start":{"line":279,"column":2},"end":{"line":279,"column":47}},"157":{"start":{"line":285,"column":1},"end":{"line":290,"column":3}},"158":{"start":{"line":286,"column":2},"end":{"line":288,"column":3}},"159":{"start":{"line":287,"column":3},"end":{"line":287,"column":103}},"160":{"start":{"line":289,"column":2},"end":{"line":289,"column":102}},"161":{"start":{"line":292,"column":1},"end":{"line":970,"column":3}},"162":{"start":{"line":296,"column":2},"end":{"line":298,"column":4}},"163":{"start":{"line":299,"column":2},"end":{"line":303,"column":3}},"164":{"start":{"line":300,"column":3},"end":{"line":300,"column":43}},"165":{"start":{"line":301,"column":9},"end":{"line":303,"column":3}},"166":{"start":{"line":302,"column":3},"end":{"line":302,"column":44}},"167":{"start":{"line":304,"column":2},"end":{"line":306,"column":3}},"168":{"start":{"line":305,"column":3},"end":{"line":305,"column":24}},"169":{"start":{"line":308,"column":2},"end":{"line":310,"column":3}},"170":{"start":{"line":309,"column":3},"end":{"line":309,"column":32}},"171":{"start":{"line":312,"column":2},"end":{"line":321,"column":3}},"172":{"start":{"line":313,"column":3},"end":{"line":315,"column":4}},"173":{"start":{"line":314,"column":4},"end":{"line":314,"column":84}},"174":{"start":{"line":316,"column":9},"end":{"line":321,"column":3}},"175":{"start":{"line":317,"column":3},"end":{"line":319,"column":4}},"176":{"start":{"line":318,"column":4},"end":{"line":318,"column":62}},"177":{"start":{"line":328,"column":2},"end":{"line":478,"column":4}},"178":{"start":{"line":486,"column":2},"end":{"line":486,"column":20}},"179":{"start":{"line":491,"column":2},"end":{"line":601,"column":4}},"180":{"start":{"line":606,"column":2},"end":{"line":628,"column":4}},"181":{"start":{"line":633,"column":2},"end":{"line":741,"column":4}},"182":{"start":{"line":634,"column":3},"end":{"line":634,"column":22}},"183":{"start":{"line":635,"column":3},"end":{"line":635,"column":22}},"184":{"start":{"line":636,"column":3},"end":{"line":637,"column":30}},"185":{"start":{"line":638,"column":3},"end":{"line":640,"column":4}},"186":{"start":{"line":639,"column":4},"end":{"line":639,"column":40}},"187":{"start":{"line":641,"column":3},"end":{"line":649,"column":5}},"188":{"start":{"line":653,"column":3},"end":{"line":655,"column":4}},"189":{"start":{"line":654,"column":4},"end":{"line":654,"column":17}},"190":{"start":{"line":656,"column":3},"end":{"line":658,"column":4}},"191":{"start":{"line":657,"column":4},"end":{"line":657,"column":17}},"192":{"start":{"line":659,"column":3},"end":{"line":659,"column":42}},"193":{"start":{"line":660,"column":3},"end":{"line":739,"column":4}},"194":{"start":{"line":661,"column":4},"end":{"line":661,"column":35}},"195":{"start":{"line":665,"column":4},"end":{"line":673,"column":5}},"196":{"start":{"line":666,"column":5},"end":{"line":666,"column":42}},"197":{"start":{"line":667,"column":11},"end":{"line":673,"column":5}},"198":{"start":{"line":668,"column":5},"end":{"line":668,"column":53}},"199":{"start":{"line":669,"column":11},"end":{"line":673,"column":5}},"200":{"start":{"line":670,"column":5},"end":{"line":670,"column":47}},"201":{"start":{"line":672,"column":5},"end":{"line":672,"column":18}},"202":{"start":{"line":674,"column":4},"end":{"line":676,"column":5}},"203":{"start":{"line":675,"column":5},"end":{"line":675,"column":51}},"204":{"start":{"line":677,"column":10},"end":{"line":739,"column":4}},"205":{"start":{"line":678,"column":4},"end":{"line":678,"column":41}},"206":{"start":{"line":679,"column":10},"end":{"line":739,"column":4}},"207":{"start":{"line":683,"column":4},"end":{"line":684,"column":44}},"208":{"start":{"line":688,"column":4},"end":{"line":701,"column":5}},"209":{"start":{"line":689,"column":5},"end":{"line":700,"column":6}},"210":{"start":{"line":690,"column":6},"end":{"line":693,"column":7}},"211":{"start":{"line":691,"column":7},"end":{"line":691,"column":29}},"212":{"start":{"line":692,"column":7},"end":{"line":692,"column":13}},"213":{"start":{"line":694,"column":6},"end":{"line":694,"column":10}},"214":{"start":{"line":696,"column":6},"end":{"line":699,"column":7}},"215":{"start":{"line":697,"column":7},"end":{"line":697,"column":29}},"216":{"start":{"line":698,"column":7},"end":{"line":698,"column":13}},"217":{"start":{"line":702,"column":4},"end":{"line":710,"column":5}},"218":{"start":{"line":703,"column":5},"end":{"line":703,"column":68}},"219":{"start":{"line":704,"column":11},"end":{"line":710,"column":5}},"220":{"start":{"line":705,"column":5},"end":{"line":705,"column":79}},"221":{"start":{"line":706,"column":11},"end":{"line":710,"column":5}},"222":{"start":{"line":707,"column":5},"end":{"line":707,"column":73}},"223":{"start":{"line":709,"column":5},"end":{"line":709,"column":18}},"224":{"start":{"line":711,"column":10},"end":{"line":739,"column":4}},"225":{"start":{"line":712,"column":4},"end":{"line":718,"column":7}},"226":{"start":{"line":719,"column":4},"end":{"line":719,"column":47}},"227":{"start":{"line":720,"column":4},"end":{"line":725,"column":5}},"228":{"start":{"line":721,"column":5},"end":{"line":724,"column":6}},"229":{"start":{"line":722,"column":6},"end":{"line":722,"column":41}},"230":{"start":{"line":723,"column":6},"end":{"line":723,"column":12}},"231":{"start":{"line":726,"column":4},"end":{"line":726,"column":61}},"232":{"start":{"line":727,"column":4},"end":{"line":727,"column":97}},"233":{"start":{"line":728,"column":4},"end":{"line":728,"column":40}},"234":{"start":{"line":729,"column":4},"end":{"line":729,"column":23}},"235":{"start":{"line":730,"column":4},"end":{"line":735,"column":5}},"236":{"start":{"line":731,"column":5},"end":{"line":734,"column":6}},"237":{"start":{"line":732,"column":6},"end":{"line":732,"column":41}},"238":{"start":{"line":733,"column":6},"end":{"line":733,"column":12}},"239":{"start":{"line":736,"column":4},"end":{"line":736,"column":100}},"240":{"start":{"line":737,"column":4},"end":{"line":737,"column":49}},"241":{"start":{"line":738,"column":4},"end":{"line":738,"column":25}},"242":{"start":{"line":740,"column":3},"end":{"line":740,"column":40}},"243":{"start":{"line":746,"column":2},"end":{"line":799,"column":4}},"244":{"start":{"line":747,"column":3},"end":{"line":753,"column":6}},"245":{"start":{"line":754,"column":3},"end":{"line":756,"column":4}},"246":{"start":{"line":755,"column":4},"end":{"line":755,"column":17}},"247":{"start":{"line":757,"column":3},"end":{"line":757,"column":42}},"248":{"start":{"line":758,"column":3},"end":{"line":797,"column":4}},"249":{"start":{"line":759,"column":4},"end":{"line":759,"column":34}},"250":{"start":{"line":763,"column":4},"end":{"line":763,"column":39}},"251":{"start":{"line":764,"column":4},"end":{"line":766,"column":5}},"252":{"start":{"line":765,"column":5},"end":{"line":765,"column":51}},"253":{"start":{"line":767,"column":10},"end":{"line":797,"column":4}},"254":{"start":{"line":768,"column":4},"end":{"line":768,"column":39}},"255":{"start":{"line":769,"column":10},"end":{"line":797,"column":4}},"256":{"start":{"line":773,"column":4},"end":{"line":773,"column":34}},"257":{"start":{"line":774,"column":4},"end":{"line":774,"column":41}},"258":{"start":{"line":775,"column":4},"end":{"line":777,"column":5}},"259":{"start":{"line":776,"column":5},"end":{"line":776,"column":74}},"260":{"start":{"line":778,"column":10},"end":{"line":797,"column":4}},"261":{"start":{"line":779,"column":4},"end":{"line":785,"column":7}},"262":{"start":{"line":786,"column":4},"end":{"line":786,"column":65}},"263":{"start":{"line":787,"column":4},"end":{"line":787,"column":47}},"264":{"start":{"line":788,"column":4},"end":{"line":793,"column":5}},"265":{"start":{"line":789,"column":5},"end":{"line":792,"column":6}},"266":{"start":{"line":790,"column":6},"end":{"line":790,"column":41}},"267":{"start":{"line":791,"column":6},"end":{"line":791,"column":12}},"268":{"start":{"line":794,"column":4},"end":{"line":794,"column":100}},"269":{"start":{"line":795,"column":4},"end":{"line":795,"column":49}},"270":{"start":{"line":796,"column":4},"end":{"line":796,"column":25}},"271":{"start":{"line":798,"column":3},"end":{"line":798,"column":40}},"272":{"start":{"line":806,"column":2},"end":{"line":806,"column":18}},"273":{"start":{"line":808,"column":2},"end":{"line":953,"column":4}},"274":{"start":{"line":809,"column":3},"end":{"line":839,"column":6}},"275":{"start":{"line":832,"column":5},"end":{"line":838,"column":6}},"276":{"start":{"line":833,"column":6},"end":{"line":833,"column":50}},"277":{"start":{"line":834,"column":6},"end":{"line":834,"column":50}},"278":{"start":{"line":835,"column":6},"end":{"line":835,"column":53}},"279":{"start":{"line":836,"column":6},"end":{"line":836,"column":31}},"280":{"start":{"line":837,"column":6},"end":{"line":837,"column":26}},"281":{"start":{"line":843,"column":3},"end":{"line":872,"column":6}},"282":{"start":{"line":844,"column":4},"end":{"line":846,"column":5}},"283":{"start":{"line":845,"column":5},"end":{"line":845,"column":43}},"284":{"start":{"line":847,"column":4},"end":{"line":847,"column":34}},"285":{"start":{"line":848,"column":4},"end":{"line":851,"column":5}},"286":{"start":{"line":849,"column":5},"end":{"line":849,"column":25}},"287":{"start":{"line":850,"column":5},"end":{"line":850,"column":22}},"288":{"start":{"line":852,"column":4},"end":{"line":852,"column":75}},"289":{"start":{"line":853,"column":4},"end":{"line":853,"column":77}},"290":{"start":{"line":854,"column":4},"end":{"line":854,"column":76}},"291":{"start":{"line":855,"column":4},"end":{"line":855,"column":74}},"292":{"start":{"line":859,"column":4},"end":{"line":865,"column":5}},"293":{"start":{"line":860,"column":5},"end":{"line":860,"column":71}},"294":{"start":{"line":861,"column":5},"end":{"line":861,"column":27}},"295":{"start":{"line":862,"column":5},"end":{"line":862,"column":38}},"296":{"start":{"line":864,"column":5},"end":{"line":864,"column":71}},"297":{"start":{"line":869,"column":4},"end":{"line":869,"column":53}},"298":{"start":{"line":870,"column":4},"end":{"line":870,"column":24}},"299":{"start":{"line":871,"column":4},"end":{"line":871,"column":14}},"300":{"start":{"line":877,"column":3},"end":{"line":952,"column":6}},"301":{"start":{"line":878,"column":4},"end":{"line":880,"column":5}},"302":{"start":{"line":879,"column":5},"end":{"line":879,"column":43}},"303":{"start":{"line":881,"column":4},"end":{"line":884,"column":14}},"304":{"start":{"line":889,"column":4},"end":{"line":892,"column":5}},"305":{"start":{"line":890,"column":5},"end":{"line":890,"column":25}},"306":{"start":{"line":891,"column":5},"end":{"line":891,"column":22}},"307":{"start":{"line":893,"column":4},"end":{"line":896,"column":6}},"308":{"start":{"line":897,"
[...]
tif(err) {","\t\t\treturn callback('Could not read file');","\t\t}","\t\tvar dv = new DataView(buffer);","\t\tif(buffer.byteLength !== 128 || dv.getString(3, null, true) !== 'TAG') {","\t\t\tprocessed.v1 = true;","\t\t\treturn process();","\t\t}","\t\ttags.v1.title = dv.getString(30, 3).replace(/(^\\s+|\\s+$)/, '') || null;","\t\ttags.v1.artist = dv.getString(30, 33).replace(/(^\\s+|\\s+$)/, '') || null;","\t\ttags.v1.album = dv.getString(30, 63).replace(/(^\\s+|\\s+$)/, '') || null;","\t\ttags.v1.year = dv.getString(4, 93).replace(/(^\\s+|\\s+$)/, '') || null;","\t\t/*","\t\t * If there is a zero byte at [125], the comment is 28 bytes and the remaining 2 are [0, trackno]","\t\t */","\t\tif(dv.getUint8(125) === 0) {","\t\t\ttags.v1.comment = dv.getString(28, 97).replace(/(^\\s+|\\s+$)/, '');","\t\t\ttags.v1.version = 1.1;","\t\t\ttags.v1.track = dv.getUint8(126);","\t\t} else {","\t\t\ttags.v1.comment = dv.getString(30, 97).replace(/(^\\s+|\\s+$)/, '');","\t\t}","\t\t/*","\t\t * Lookup the genre index in the predefined genres array","\t\t */","\t\ttags.v1.genre = Genres[dv.getUint8(127)] || null;","\t\tprocessed.v1 = true;","\t\tprocess();","\t});","\t/*","\t * Read 14 bytes (10 for ID3v2 header, 4 for possible extended header size)","\t * Assuming the ID3v2 tag is prepended","\t */","\thandle.read(14, 0, function(err, buffer) {","\t\tif(err) {","\t\t\treturn callback('Could not read file');","\t\t}","\t\tvar dv = new DataView(buffer),","\t\t\theaderSize = 10,","\t\t\ttagSize = 0,","\t\t\ttagFlags;","\t\t/*","\t\t * Be sure that the buffer is at least the size of an id3v2 header","\t\t * Assume incompatibility if a major version of > 4 is used","\t\t */","\t\tif(buffer.byteLength !== 14 || dv.getString(3, null, true) !== 'ID3' || dv.getUint8(3) > 4) {","\t\t\tprocessed.v2 = true;","\t\t\treturn process();","\t\t}","\t\ttags.v2.version = [","\t\t\tdv.getUint8(3),","\t\t\tdv.getUint8(4)","\t\t];","\t\ttagFlags = dv.getUint8(5);","\t\t/*","\t\t * Do not support unsynchronisation","\t\t */","\t\tif((tagFlags & 0x80) !== 0) {","\t\t\tprocessed.v2 = true;","\t\t\treturn process();","\t\t}","\t\t/*","\t\t * Increment the header size to offset by if an extended header exists","\t\t */","\t\tif((tagFlags & 0x40) !== 0) {","\t\t\theaderSize += dv.getUint32Synch(11);","\t\t}","\t\t/*","\t\t * Calculate the tag size to be read","\t\t */","\t\ttagSize += dv.getUint32Synch(6);","\t\thandle.read(tagSize, headerSize, function(err, buffer) {","\t\t\tif(err) {","\t\t\t\tprocessed.v2 = true;","\t\t\t\treturn process();","\t\t\t}","\t\t\tvar dv = new DataView(buffer),","\t\t\t\tposition = 0;","\t\t\twhile(position < buffer.byteLength) {","\t\t\t\tvar frame,","\t\t\t\t\tslice,","\t\t\t\t\tframeBit,","\t\t\t\t\tisFrame = true;","\t\t\t\tfor(var i = 0; i < 3; i++) {","\t\t\t\t\tframeBit = dv.getUint8(position + i);","\t\t\t\t\tif((frameBit < 0x41 || frameBit > 0x5A) && (frameBit < 0x30 || frameBit > 0x39)) {","\t\t\t\t\t\tisFrame = false;","\t\t\t\t\t}","\t\t\t\t}","\t\t\t\tif(!isFrame) break;","\t\t\t\t/*","\t\t\t\t * < v2.3, frame ID is 3 chars, size is 3 bytes making a total size of 6 bytes","\t\t\t\t * >= v2.3, frame ID is 4 chars, size is 4 bytes, flags are 2 bytes, total 10 bytes","\t\t\t\t */","\t\t\t\tif(tags.v2.version[0] < 3) {","\t\t\t\t\tslice = buffer.slice(position, position + 6 + dv.getUint24(position + 3));","\t\t\t\t} else {","\t\t\t\t\tslice = buffer.slice(position, position + 10 + dv.getUint32Synch(position + 4));","\t\t\t\t}","\t\t\t\tframe = ID3Frame.parse(slice, tags.v2.version[0]);","\t\t\t\tif(frame) {","\t\t\t\t\ttags.v2[frame.tag] = frame.value;","\t\t\t\t}","\t\t\t\tposition += slice.byteLength;","\t\t\t}","\t\t\tprocessed.v2 = true;","\t\t\tprocess();","\t\t});","\t});","};",""],"l":{"1":1,"3":1,"4":0,"27":0,"28":0,"29":0,"30":0,"31":0,"32":0,"38":0,"39":0,"40":0,"42":0,"43":0,"44":0,"45":0,"47":0,"48":0,"49":0,"50":0,"54":0,"55":0,"56":0,"57":0,"59":0,"64":0,"65":0,"66":0,"72":0,"73":0,"74":0,"76":0,"84":0,"85":0,"86":0,"88":0,"92":0,"96":0,"97":0,"98":0,"103":0,"104":0,"109":0,"110":0,"111":0,"112":0,"113":0,"115":0,"117":0,"118":0,"122":0,"123":0,"124":0,"125":0,"128":0,"133":0,"134":0,"136":0,"138":0,"139":0,"140":0,"142":0,"144":0,"145":0}},"/home/travis/build/npmtest/node-npmtest-id3js/node_modules/id3js/lib/reader.js":{"path":"/home/travis/build/npmtest/node-npmtest-id3js/node_modules/id3js/lib/reader.js","s":{"1":1,"2":0,"3":0,"4":0,"5":1,"6":1,"7":1,"8":1,"9":0,"10":0,"11":0,"12":0,"13":0,"14":0,"15":0,"16":0,"17":0,"18":0,"19":0,"20":0,"21":0,"22":0,"23":0,"24":0,"25":0,"26":0,"27":0,"28":0,"29":0,"30":0,"31":1,"32":0,"33":0,"34":1,"35":0,"36":0,"37":0,"38":0,"39":0,"40":1,"41":0,"42":0,"43":0,"44":0,"45":0,"46":0,"47":0,"48":0,"49":1,"50":0,"51":0,"52":0,"53":0,"54":0,"55":0,"56":0,"57":0,"58":0,"59":0,"60":0,"61":0,"62":0,"63":0,"64":0,"65":0,"66":0,"67":0,"68":0,"69":0,"70":1,"71":0,"72":0,"73":0,"74":0,"75":1,"76":0,"77":0,"78":0,"79":0,"80":0,"81":0},"b":{"1":[0,0],"2":[0,0,0],"3":[0,0],"4":[0,0],"5":[0,0],"6":[0,0],"7":[0,0],"8":[0,0],"9":[0,0],"10":[0,0],"11":[0,0],"12":[0,0],"13":[0,0],"14":[0,0],"15":[0,0],"16":[0,0]},"f":{"1":0,"2":0,"3":0,"4":0,"5":0,"6":0,"7":0,"8":0,"9":0,"10":0,"11":0,"12":0,"13":0,"14":0,"15":0,"16":0},"fnMap":{"1":{"name":"(anonymous_1)","line":7,"loc":{"start":{"line":7,"column":13},"end":{"line":7,"column":28}}},"2":{"name":"(anonymous_2)","line":17,"loc":{"start":{"line":17,"column":24},"end":{"line":17,"column":49}}},"3":{"name":"(anonymous_3)","line":22,"loc":{"start":{"line":22,"column":22},"end":{"line":22,"column":42}}},"4":{"name":"(anonymous_4)","line":27,"loc":{"start":{"line":27,"column":28},"end":{"line":27,"column":46}}},"5":{"name":"(anonymous_5)","line":46,"loc":{"start":{"line":46,"column":4},"end":{"line":46,"column":29}}},"6":{"name":"(anonymous_6)","line":58,"loc":{"start":{"line":58,"column":25},"end":{"line":58,"column":36}}},"7":{"name":"(anonymous_7)","line":64,"loc":{"start":{"line":64,"column":24},"end":{"line":64,"column":61}}},"8":{"name":"(anonymous_8)","line":77,"loc":{"start":{"line":77,"column":29},"end":{"line":77,"column":66}}},"9":{"name":"(anonymous_9)","line":79,"loc":{"start":{"line":79,"column":47},"end":{"line":79,"column":80}}},"10":{"name":"(anonymous_10)","line":95,"loc":{"start":{"line":95,"column":24},"end":{"line":95,"column":49}}},"11":{"name":"(anonymous_11)","line":108,"loc":{"start":{"line":108,"column":26},"end":{"line":108,"column":37}}},"12":{"name":"(anonymous_12)","line":128,"loc":{"start":{"line":128,"column":27},"end":{"line":128,"column":64}}},"13":{"name":"(anonymous_13)","line":136,"loc":{"start":{"line":136,"column":2},"end":{"line":136,"column":24}}},"14":{"name":"(anonymous_14)","line":148,"loc":{"start":{"line":148,"column":28},"end":{"line":148,"column":65}}},"15":{"name":"(anonymous_15)","line":151,"loc":{"start":{"line":151,"column":13},"end":{"line":151,"column":25}}},"16":{"name":"(anonymous_16)","line":154,"loc":{"start":{"line":154,"column":14},"end":{"line":154,"column":26}}}},"statementMap":{"1":{"start":{"line":7,"column":0},"end":{"line":11,"column":2}},"2":{"start":{"line":8,"column":1},"end":{"line":8,"column":37}},"3":{"start":{"line":9,"column":1},"end":{"line":9,"column":18}},"4":{"start":{"line":10,"column":1},"end":{"line":10,"column":18}},"5":{"start":{"line":13,"column":0},"end":{"line":13,"column":21}},"6":{"start":{"line":14,"column":0},"end":{"line":14,"column":20}},"7":{"start":{"line":15,"column":0},"end":{"line":15,"column":22}},"8":{"start":{"line":17,"column":0},"end":{"line":56,"column":2}},"9":{"start":{"line":18,"column":1},"end":{"line":18,"column":18}},"10":{"start":{"line":19,"column":1},"end":{"line":19,"column":17}},"11":{"start":{"line":20,"column":1},"end":{"line":55,"column":2}},"12":{"start":{"line":22,"column":3},"end":{"line":34,"column":6}},"13":{"start":{"line":23,"column":4},"end":{"line":25,"column":5}},"14":{"start":{"line":24,"column":5},"end":{"line":24,"column":26}},"15":{"start":{"line":26,"column":4},"end":{"line":26,"column":26}},"16":{"start":{"line":27,"column":4},"end":{"line":33,"column":7}},"17":{"start":{"line":28,"column":5},"end":{"line":30,"column":6}},"18":{"start":{"line":29,"column":6},"end":{"line":29,"column":27}},"19":{"start":{"line":31,"column":5},"end":{"line":31,"column":18}},"20":{"start":{"line":32,"column":5},"end":{"line":32,"column":16}},"21":{"start":{"line":35,"column":2},"end":{"line":35,"column":8}},"22":{"start":{"line":37,"column":3},"end":{"line":37,"column":30}},"23":{"start":{"line":38,"column":3},"end":{"line":38,"column":14}},"24":{"start":{"line":39,"column":2},"end":{"line":39,"column":8}},"25":{"start":{"line":41,"column":3},"end":{"line":53,"column":5}},"26":{"start":{"line":47,"column":5},"end":{"line":49,"column":6}},"27":{"start":{"line":48,"column":6},"end":{"line":48,"column":27}},"28":{"start":{"line":50,"column":5},"end":{"line":50,"column":67}},"29":{"start":{"line":51,"column":5},"end":{"line":51,"column":16}},"30":{"start":{"line":54,"column":2},"end":{"line":54,"column":8}},"31":{"start":{"line":58,"column":0},"end":{"line":62,"column":2}},"32":{"start":{"line":59,"column":1},"end":{"line":61,"column":2}},"33":{"start":{"line":60,"column":2},"end":{"line":60,"column":20}},"34":{"start":{"line":64,"column":0},"end":{"line":72,"column":2}},"35":{"start":{"line":65,"column":1},"end":{"line":71,"column":2}},"36":{"start":{"line":66,"column":2},"end":{"line":66,"column":45}},"37":{"start":{"line":67,"column":8},"end":{"line":71,"column":2}},"38":{"start":{"line":68,"column":2},"end":{"line":68,"column":44}},"39":{"start":{"line":70,"column":2},"end":{"line":70,"column":43}},"40":{"start":{"line":77,"column":0},"end":{"line":90,"column":2}},"41":{"start":{"line":78,"column":1},"end":{"line":78,"column":33}},"42":{"start":{"line":79,"column":1},"end":{"line":89,"column":4}},"43":{"start":{"line":80,"column":2},"end":{"line":82,"column":3}},"44":{"start":{"line":81,"column":3},"end":{"line":81,"column":24}},"45":{"start":{"line":83,"column":2},"end":{"line":84,"column":29}},"46":{"start":{"line":85,"column":2},"end":{"line":87,"column":3}},"47":{"start":{"line":86,"column":3},"end":{"line":86,"column":23}},"48":{"start":{"line":88,"column":2},"end":{"line":88,"column":21}},"49":{"start":{"line":95,"column":0},"end":{"line":126,"column":2}},"50":{"start":{"line":96,"column":1},"end":{"line":100,"column":3}},"51":{"start":{"line":101,"column":1},"end":{"line":103,"column":2}},"52":{"start":{"line":102,"column":2},"end":{"line":102,"column":21}},"53":{"start":{"line":104,"column":1},"end":{"line":106,"column":2}},"54":{"start":{"line":105,"column":2},"end":{"line":105,"column":23}},"55":{"start":{"line":107,"column":1},"end":{"line":107,"column":32}},"56":{"start":{"line":108,"column":1},"end":{"line":114,"column":3}},"57":{"start":{"line":109,"column":2},"end":{"line":109,"column":34}},"58":{"start":{"line":109,"column":27},"end":{"line":109,"column":34}},"59":{"start":{"line":110,"column":2},"end":{"line":112,"column":3}},"60":{"start":{"line":111,"column":3},"end":{"line":111,"column":73}},"61":{"start":{"line":113,"column":2},"end":{"line":113,"column":36}},"62":{"start":{"line":115,"column":1},"end":{"line":115,"column":41}},"63":{"start":{"line":116,"column":1},"end":{"line":116,"column":43}},"64":{"start":{"line":117,"column":1},"end":{"line":124,"column":2}},"65":{"start":{"line":118,"column":2},"end":{"line":118,"column":43}},"66":{"start":{"line":119,"column":2},"end":{"line":123,"column":3}},"67":{"start":{"line":120,"column":3},"end":{"line":120,"column":87}},"68":{"start":{"line":122,"column":3},"end":{"line":122,"column":62}},"69":{"start":{"line":125,"column":1},"end":{"line":125,"column":12}},"70":{"start":{"line":128,"column":0},"end":{"line":143,"column":2}},"71":{"start":{"line":129,"column":1},"end":{"line":142,"column":3}},"72":{"start":{"line":137,"column":3},"end":{"line":139,"column":4}},"73":{"start":{"line":138,"column":4},"end":{"line":138,"column":25}},"74":{"start":{"line":140,"column":3},"end":{"line":140,"column":33}},"75":{"start":{"line":148,"column":0},"end":{"line":158,"column":2}},"76":{"start":{"line":149,"column":1},"end":{"line":150,"column":24}},"77":{"start":{"line":151,"column":1},"end":{"line":153,"column":3}},"78":{"start":{"line":152,"column":2},"end":{"line":152,"column":34}},"79":{"start":{"line":154,"column":1},"end":{"line":156,"column":3}},"80":{"start":{"line":155,"column":2},"end":{"line":155,"column":31}},"81":{"start":{"line":157,"column":1},"end":{"line":157,"column":29}}},"branchMap":{"1":{"line":8,"type":"binary-expr","locations":[{"start":{"line":8,"column":13},"end":{"line":8,"column":17}},{"start":{"line":8,"column":21},"end":{"line":8,"column":36}}]},"2":{"line":20,"type":"switch","locations":[{"start":{"line":21,"column":2},"end":{"line":35,"column":8}},{"start":{"line":36,"column":2},"end":{"line":39,"column":8}},{"start":{"line":40,"column":2},"end":{"line":54,"column":8}}]},"3":{"line":23,"type":"if","locations":[{"start":{"line":23,"column":4},"end":{"line":23,"column":4}},{"start":{"line":23,"column":4},"end":{"line":23,"column":4}}]},"4":{"line":28,"type":"if","locations":[{"start":{"line":28,"column":5},"end":{"line":28,"column":5}},{"start":{"line":28,"column":5},"end":{"line":28,"column":5}}]},"5":{"line":47,"type":"if","locations":[{"start":{"line":47,"column":5},"end":{"line":47,"column":5}},{"start":{"line":47,"column":5},"end":{"line":47,"column":5}}]},"6":{"line":59,"type":"if","locations":[{"start":{"line":59,"column":1},"end":{"line":59,"column":1}},{"start":{"line":59,"column":1},"end":{"line":59,"column":1}}]},"7":{"line":65,"type":"if","locations":[{"start":{"line":65,"column":1},"end":{"line":65,"column":1}},{"start":{"line":65,"column":1},"end":{"line":65,"column":1}}]},"8":{"line":67,"type":"if","locations":[{"start":{"line":67,"column":8},"end":{"line":67,"column":8}},{"start":{"line":67,"column":8},"end":{"line":67,"column":8}}]},"9":{"line":80,"type":"if","locations":[{"start":{"line":80,"column":2},"end":{"line":80,"column":2}},{"start":{"line":80,"column":2},"end":{"line":80,"column":2}}]},"10":{"line":101,"type":"if","locations":[{"start":{"line":101,"column":1},"end":{"line":101,"column":1}},{"start":{"line":101,"column":1},"end":{"line":101,"column":1}}]},"11":{"line":109,"type":"if","locations":[{"start":{"line":109,"column":2},"end":{"line":109,"column":2}},{"start":{"line":109,"column":2},"end":{"line":109,"column":2}}]},"12":{"line":110,"type":"if","locations":[{"start":{"line":110,"column":2},"end":{"line":110,"column":2}},{"start":{"line":110,"column":2},"end":{"line":110,"column":2}}]},"13":{"line":110,"type":"binary-expr","locations":[{"start":{"line":110,"column":5},"end":{"line":110,"column":23}},{"start":{"line":110,"column":27},"end":{"line":110,"column":45}}]},"14":{"line":117,"type":"if","locations":[{"start":{"line":117,"column":1},"end":{"line":117,"column":1}},{"start":{"line":117,"column":1},"end":{"line":117,"column":1}}]},"15":{"line":119,"type":"if","locations":[{"start":{"line":119,"column":2},"end":{"line":119,"column":2}},{"start":{"line":119,"column":2},"end":{"line":119,"column":2}}]},"16":{"line":137,"type":"if","locations":[{"start":{"line":137,"column":3},"end":{"line":137,"column":3}},{"start":{"line":137,"column":3},"end":{"line":137,"column":3}}]}},"code":["/*"," * Reader.js"," * A unified reader interface for AJAX, local and File API access"," * 43081j"," * License: MIT, see LICENSE"," */","var Reader = function(type) {","\tthis.type = type || Reader.OPEN_URI;","\tthis.size = null;","\tthis.file = null;","};","","Reader.OPEN_FILE = 1;","Reader.OPEN_URI = 2;","Reader.OPEN_LOCAL = 3;","","Reader.prototype.open = function(file, callback) {","\tthis.file = file;","\tvar self = this;","\tswitch(this.type) {","\t\tcase Reader.OPEN_LOCAL:","\t\t\tfs.stat(this.file, function(err, stat) {","\t\t\t\tif(err) {","\t\t\t\t\treturn callback(err);","\t\t\t\t}","\t\t\t\tself.size = stat.size;","\t\t\t\tfs.open(self.file, 'r', function(err, fd) {","\t\t\t\t\tif(err) {","\t\t\t\t\t\treturn callback(err);","\t\t\t\t\t}","\t\t\t\t\tself.fd = fd;","\t\t\t\t\tcallback();","\t\t\t\t});","\t\t\t});","\t\tbreak;","\t\tcase Reader.OPEN_FILE:","\t\t\tthis.size = this.file.size;","\t\t\tcallback();","\t\tbreak;","\t\tdefault:","\t\t\tthis.ajax(","\t\t\t\t{","\t\t\t\t\turi: this.file,","\t\t\t\t\ttype: 'HEAD',","\t\t\t\t},","\t\t\t\tfunction(err, resp, xhr) {","\t\t\t\t\tif(err) {","\t\t\t\t\t\treturn callback(err);","\t\t\t\t\t}","\t\t\t\t\tself.size = parseInt(xhr.getResponseHeader('Content-Length'));","\t\t\t\t\tcallback();","\t\t\t\t}","\t\t\t);","\t\tbreak;","\t}","};","","Reader.prototype.close = function() {","\tif(this.type === Reader.OPEN_LOCAL) {","\t\tfs.close(this.fd);","\t}","};","","Reader.prototype.read = function(length, position, callback) {","\tif(this.type === Reader.OPEN_LOCAL) {","\t\tthis.readLocal(length, position, callback);","\t} else if(this.type === Reader.OPEN_FILE) {","\t\tthis.readFile(length, position, callback);","\t} else {","\t\tthis.readUri(length, position, callback);","\t}","};","","/*"," * Local reader"," */","Reader.prototype.readLocal = function(length, position, callback) {","\tvar buffer = new Buffer(length);","\tfs.read(this.fd, buffer, 0, length, position, function(err, bytesRead, buffer) {","\t\tif(err) {","\t\t\treturn callback(err);","\t\t}","\t\tvar ab = new ArrayBuffer(buffer.length),","\t\t\tview = new Uint8Array(ab);","\t\tfor(var i = 0; i < buffer.length; i++) {","\t\t\tview[i] = buffer[i];","\t\t}","\t\tcallback(null, ab);","\t});","};","","/*"," * URL reader"," */","Reader.prototype.ajax = function(opts, callback) {","\tvar options = {","\t\ttype: 'GET',","\t\turi: null,","\t\tresponseType: 'text'","\t};","\tif(typeof opts === 'string') {","\t\topts = {uri: opts};","\t}","\tfor(var k in opts) {","\t\toptions[k] = opts[k];","\t}","\tvar xhr = new XMLHttpRequest();","\txhr.onreadystatechange = function() {","\t\tif(xhr.readyState !== 4) return;","\t\tif(xhr.status !== 200 && xhr.status !== 206) {","\t\t\treturn callback('Received non-200/206 response (' + xhr.status + ')');","\t\t}","\t\tcallback(null, xhr.response, xhr);","\t};","\txhr.responseType = options.responseType;","\txhr.open(options.type, options.uri, true);","\tif(options.range) {","\t\toptions.range = [].concat(options.range);","\t\tif(options.range.length === 2) {","\t\t\txhr.setRequestHeader('Range', 'bytes=' + options.range[0] + '-' + options.range[1]);","\t\t} else {","\t\t\txhr.setRequestHeader('Range', 'bytes=' + options.range[0]);","\t\t}","\t}","\txhr.send();","};","","Reader.prototype.readUri = function(length, position, callback) {","\tthis.ajax(","\t\t{","\t\t\turi: this.file,","\t\t\ttype: 'GET',","\t\t\tresponseType: 'arraybuffer',","\t\t\trange: [position, position+length-1]","\t\t},","\t\tfunction(err, buffer) {","\t\t\tif(err) {","\t\t\t\treturn callback(err);","\t\t\t}","\t\t\treturn callback(null, buffer);","\t\t}","\t);","};","","/*"," * File API reader"," */","Reader.prototype.readFile = function(length, position, callback) {","\tvar slice = this.file.slice(position, position+length),","\t\tfr = new FileReader();","\tfr.onload = function(e) {","\t\tcallback(null, e.target.result);","\t};","\tfr.onerror = function(e) {","\t\tcallback('File read failed');","\t};","\tfr.readAsArrayBuffer(slice);","};",""],"l":{"7":1,"8":0,"9":0,"10":0,"13":1,"14":1,"15":1,"17":1,"18":0,"19":0,"20":0,"22":0,"23":0,"24":0,"26":0,"27":0,"28":0,"29":0,"31":0,"32":0,"35":0,"37":0,"38":0,"39":0,"41":0,"47":0,"48":0,"50":0,"51":0,"54":0,"58":1,"59":0,"60":0,"64":1,"65":0,"66":0,"67":0,"68":0,"70":0,"77":1,"78":0,"79":0,"80":0,"81":0,"83":0,"85":0,"86":0,"88":0,"95":1,"96":0,"101":0,"102":0,"104":0,"105":0,"107":0,"108":0,"109":0,"110":0,"111":0,"113":0,"115":0,"116":0,"117":0,"118":0,"119":0,"120":0,"122":0,"125":0,"128":1,"129":0,"137":0,"138":0,"140":0,"148":1,"149":0,"151":0,"152":0,"154":0,"155":0,"157":0}}}